{"/Users/cambboyle/Documents/PARA System/01 - Projects/codecademyProjects/crate/src/components/App/App.css": {"path":"/Users/cambboyle/Documents/PARA System/01 - Projects/codecademyProjects/crate/src/components/App/App.css","statementMap":{},"fnMap":{},"branchMap":{},"s":{},"f":{},"b":{},"meta":{"lastBranch":0,"lastFunction":0,"lastStatement":0,"seen":{}}}
,"/Users/cambboyle/Documents/PARA System/01 - Projects/codecademyProjects/crate/src/components/App/App.jsx": {"path":"/Users/cambboyle/Documents/PARA System/01 - Projects/codecademyProjects/crate/src/components/App/App.jsx","statementMap":{"0":{"start":{"line":12,"column":40},"end":{"line":12,"column":null}},"1":{"start":{"line":13,"column":34},"end":{"line":13,"column":null}},"2":{"start":{"line":14,"column":36},"end":{"line":14,"column":null}},"3":{"start":{"line":15,"column":38},"end":{"line":15,"column":null}},"4":{"start":{"line":16,"column":42},"end":{"line":16,"column":null}},"5":{"start":{"line":17,"column":34},"end":{"line":17,"column":null}},"6":{"start":{"line":18,"column":28},"end":{"line":18,"column":null}},"7":{"start":{"line":19,"column":44},"end":{"line":19,"column":null}},"8":{"start":{"line":20,"column":40},"end":{"line":20,"column":null}},"9":{"start":{"line":21,"column":36},"end":{"line":21,"column":null}},"10":{"start":{"line":22,"column":44},"end":{"line":22,"column":null}},"11":{"start":{"line":23,"column":32},"end":{"line":23,"column":null}},"12":{"start":{"line":24,"column":24},"end":{"line":24,"column":null}},"13":{"start":{"line":27,"column":8},"end":{"line":27,"column":null}},"14":{"start":{"line":31,"column":8},"end":{"line":86,"column":null}},"15":{"start":{"line":33,"column":6},"end":{"line":33,"column":null}},"16":{"start":{"line":33,"column":17},"end":{"line":33,"column":null}},"17":{"start":{"line":34,"column":6},"end":{"line":34,"column":null}},"18":{"start":{"line":35,"column":6},"end":{"line":35,"column":null}},"19":{"start":{"line":36,"column":6},"end":{"line":36,"column":null}},"20":{"start":{"line":39,"column":23},"end":{"line":39,"column":null}},"21":{"start":{"line":40,"column":20},"end":{"line":40,"column":null}},"22":{"start":{"line":42,"column":6},"end":{"line":52,"column":null}},"23":{"start":{"line":43,"column":24},"end":{"line":43,"column":null}},"24":{"start":{"line":44,"column":8},"end":{"line":49,"column":null}},"25":{"start":{"line":45,"column":10},"end":{"line":45,"column":null}},"26":{"start":{"line":46,"column":10},"end":{"line":46,"column":null}},"27":{"start":{"line":48,"column":10},"end":{"line":48,"column":null}},"28":{"start":{"line":50,"column":8},"end":{"line":50,"column":null}},"29":{"start":{"line":51,"column":8},"end":{"line":51,"column":null}},"30":{"start":{"line":54,"column":6},"end":{"line":83,"column":null}},"31":{"start":{"line":55,"column":24},"end":{"line":55,"column":null}},"32":{"start":{"line":57,"column":8},"end":{"line":63,"column":null}},"33":{"start":{"line":58,"column":10},"end":{"line":58,"column":null}},"34":{"start":{"line":59,"column":10},"end":{"line":59,"column":null}},"35":{"start":{"line":62,"column":10},"end":{"line":62,"column":null}},"36":{"start":{"line":65,"column":8},"end":{"line":65,"column":null}},"37":{"start":{"line":67,"column":8},"end":{"line":80,"column":null}},"38":{"start":{"line":68,"column":10},"end":{"line":70,"column":null}},"39":{"start":{"line":71,"column":8},"end":{"line":80,"column":null}},"40":{"start":{"line":77,"column":10},"end":{"line":77,"column":null}},"41":{"start":{"line":79,"column":10},"end":{"line":79,"column":null}},"42":{"start":{"line":82,"column":8},"end":{"line":82,"column":null}},"43":{"start":{"line":89,"column":2},"end":{"line":122,"column":null}},"44":{"start":{"line":90,"column":4},"end":{"line":121,"column":null}},"45":{"start":{"line":91,"column":6},"end":{"line":120,"column":null}},"46":{"start":{"line":92,"column":22},"end":{"line":92,"column":null}},"47":{"start":{"line":93,"column":8},"end":{"line":93,"column":null}},"48":{"start":{"line":94,"column":8},"end":{"line":115,"column":null}},"49":{"start":{"line":95,"column":10},"end":{"line":95,"column":null}},"50":{"start":{"line":96,"column":10},"end":{"line":114,"column":null}},"51":{"start":{"line":97,"column":28},"end":{"line":97,"column":null}},"52":{"start":{"line":98,"column":12},"end":{"line":99,"column":null}},"53":{"start":{"line":99,"column":14},"end":{"line":99,"column":null}},"54":{"start":{"line":101,"column":12},"end":{"line":101,"column":null}},"55":{"start":{"line":104,"column":12},"end":{"line":111,"column":null}},"56":{"start":{"line":105,"column":14},"end":{"line":107,"column":null}},"57":{"start":{"line":109,"column":14},"end":{"line":109,"column":null}},"58":{"start":{"line":110,"column":14},"end":{"line":110,"column":null}},"59":{"start":{"line":113,"column":12},"end":{"line":113,"column":null}},"60":{"start":{"line":117,"column":8},"end":{"line":117,"column":null}},"61":{"start":{"line":118,"column":8},"end":{"line":118,"column":null}},"62":{"start":{"line":119,"column":8},"end":{"line":119,"column":null}},"63":{"start":{"line":124,"column":8},"end":{"line":137,"column":null}},"64":{"start":{"line":125,"column":4},"end":{"line":136,"column":null}},"65":{"start":{"line":126,"column":6},"end":{"line":135,"column":null}},"66":{"start":{"line":127,"column":8},"end":{"line":130,"column":null}},"67":{"start":{"line":127,"column":44},"end":{"line":127,"column":70}},"68":{"start":{"line":128,"column":10},"end":{"line":128,"column":null}},"69":{"start":{"line":129,"column":10},"end":{"line":129,"column":null}},"70":{"start":{"line":131,"column":21},"end":{"line":131,"column":null}},"71":{"start":{"line":132,"column":8},"end":{"line":132,"column":null}},"72":{"start":{"line":133,"column":8},"end":{"line":133,"column":null}},"73":{"start":{"line":134,"column":8},"end":{"line":134,"column":null}},"74":{"start":{"line":139,"column":8},"end":{"line":144,"column":null}},"75":{"start":{"line":140,"column":4},"end":{"line":142,"column":null}},"76":{"start":{"line":141,"column":6},"end":{"line":141,"column":null}},"77":{"start":{"line":141,"column":42},"end":{"line":141,"column":70}},"78":{"start":{"line":143,"column":4},"end":{"line":143,"column":null}},"79":{"start":{"line":146,"column":8},"end":{"line":149,"column":null}},"80":{"start":{"line":147,"column":4},"end":{"line":147,"column":null}},"81":{"start":{"line":148,"column":4},"end":{"line":148,"column":null}},"82":{"start":{"line":151,"column":8},"end":{"line":181,"column":null}},"83":{"start":{"line":152,"column":4},"end":{"line":152,"column":null}},"84":{"start":{"line":153,"column":4},"end":{"line":153,"column":null}},"85":{"start":{"line":154,"column":22},"end":{"line":154,"column":null}},"86":{"start":{"line":154,"column":52},"end":{"line":154,"column":61}},"87":{"start":{"line":155,"column":4},"end":{"line":180,"column":null}},"88":{"start":{"line":157,"column":8},"end":{"line":157,"column":null}},"89":{"start":{"line":158,"column":8},"end":{"line":158,"column":null}},"90":{"start":{"line":159,"column":8},"end":{"line":159,"column":null}},"91":{"start":{"line":160,"column":8},"end":{"line":160,"column":null}},"92":{"start":{"line":163,"column":8},"end":{"line":163,"column":null}},"93":{"start":{"line":165,"column":8},"end":{"line":178,"column":null}},"94":{"start":{"line":166,"column":10},"end":{"line":168,"column":null}},"95":{"start":{"line":169,"column":8},"end":{"line":178,"column":null}},"96":{"start":{"line":175,"column":10},"end":{"line":175,"column":null}},"97":{"start":{"line":177,"column":10},"end":{"line":177,"column":null}},"98":{"start":{"line":180,"column":21},"end":{"line":180,"column":40}},"99":{"start":{"line":183,"column":8},"end":{"line":216,"column":null}},"100":{"start":{"line":184,"column":4},"end":{"line":184,"column":null}},"101":{"start":{"line":184,"column":13},"end":{"line":184,"column":null}},"102":{"start":{"line":185,"column":4},"end":{"line":185,"column":null}},"103":{"start":{"line":186,"column":4},"end":{"line":186,"column":null}},"104":{"start":{"line":187,"column":4},"end":{"line":215,"column":null}},"105":{"start":{"line":188,"column":21},"end":{"line":188,"column":null}},"106":{"start":{"line":190,"column":6},"end":{"line":195,"column":null}},"107":{"start":{"line":191,"column":8},"end":{"line":191,"column":null}},"108":{"start":{"line":192,"column":8},"end":{"line":192,"column":null}},"109":{"start":{"line":193,"column":8},"end":{"line":193,"column":null}},"110":{"start":{"line":194,"column":8},"end":{"line":194,"column":null}},"111":{"start":{"line":197,"column":6},"end":{"line":197,"column":null}},"112":{"start":{"line":199,"column":6},"end":{"line":212,"column":null}},"113":{"start":{"line":200,"column":8},"end":{"line":202,"column":null}},"114":{"start":{"line":203,"column":6},"end":{"line":212,"column":null}},"115":{"start":{"line":209,"column":8},"end":{"line":209,"column":null}},"116":{"start":{"line":211,"column":8},"end":{"line":211,"column":null}},"117":{"start":{"line":214,"column":6},"end":{"line":214,"column":null}},"118":{"start":{"line":220,"column":8},"end":{"line":231,"column":null}},"119":{"start":{"line":222,"column":6},"end":{"line":222,"column":null}},"120":{"start":{"line":222,"column":15},"end":{"line":222,"column":null}},"121":{"start":{"line":223,"column":6},"end":{"line":227,"column":null}},"122":{"start":{"line":224,"column":8},"end":{"line":224,"column":null}},"123":{"start":{"line":225,"column":8},"end":{"line":225,"column":null}},"124":{"start":{"line":226,"column":8},"end":{"line":226,"column":null}},"125":{"start":{"line":228,"column":6},"end":{"line":228,"column":null}},"126":{"start":{"line":233,"column":8},"end":{"line":236,"column":null}},"127":{"start":{"line":234,"column":4},"end":{"line":234,"column":null}},"128":{"start":{"line":235,"column":4},"end":{"line":235,"column":null}},"129":{"start":{"line":238,"column":8},"end":{"line":244,"column":null}},"130":{"start":{"line":239,"column":15},"end":{"line":239,"column":null}},"131":{"start":{"line":240,"column":4},"end":{"line":240,"column":null}},"132":{"start":{"line":241,"column":4},"end":{"line":241,"column":null}},"133":{"start":{"line":243,"column":4},"end":{"line":243,"column":null}},"134":{"start":{"line":247,"column":36},"end":{"line":247,"column":null}},"135":{"start":{"line":249,"column":2},"end":{"line":376,"column":null}},"136":{"start":{"line":302,"column":18},"end":{"line":302,"column":null}},"137":{"start":{"line":303,"column":18},"end":{"line":303,"column":null}},"138":{"start":{"line":304,"column":18},"end":{"line":304,"column":null}},"139":{"start":{"line":314,"column":29},"end":{"line":314,"column":null}},"140":{"start":{"line":358,"column":18},"end":{"line":358,"column":null}},"141":{"start":{"line":359,"column":18},"end":{"line":359,"column":null}}},"fnMap":{"0":{"name":"App","decl":{"start":{"line":11,"column":9},"end":{"line":11,"column":15}},"loc":{"start":{"line":11,"column":15},"end":{"line":378,"column":null}},"line":11},"1":{"name":"(anonymous_1)","decl":{"start":{"line":32,"column":4},"end":{"line":32,"column":11}},"loc":{"start":{"line":32,"column":44},"end":{"line":84,"column":null}},"line":32},"2":{"name":"(anonymous_2)","decl":{"start":{"line":89,"column":12},"end":{"line":89,"column":18}},"loc":{"start":{"line":89,"column":18},"end":{"line":122,"column":5}},"line":89},"3":{"name":"(anonymous_3)","decl":{"start":{"line":90,"column":5},"end":{"line":90,"column":17}},"loc":{"start":{"line":90,"column":17},"end":{"line":121,"column":7}},"line":90},"4":{"name":"(anonymous_4)","decl":{"start":{"line":124,"column":31},"end":{"line":124,"column":32}},"loc":{"start":{"line":124,"column":42},"end":{"line":137,"column":5}},"line":124},"5":{"name":"(anonymous_5)","decl":{"start":{"line":125,"column":23},"end":{"line":125,"column":24}},"loc":{"start":{"line":125,"column":36},"end":{"line":136,"column":5}},"line":125},"6":{"name":"(anonymous_6)","decl":{"start":{"line":126,"column":24},"end":{"line":126,"column":25}},"loc":{"start":{"line":126,"column":40},"end":{"line":135,"column":7}},"line":126},"7":{"name":"(anonymous_7)","decl":{"start":{"line":127,"column":28},"end":{"line":127,"column":29}},"loc":{"start":{"line":127,"column":44},"end":{"line":127,"column":70}},"line":127},"8":{"name":"(anonymous_8)","decl":{"start":{"line":139,"column":34},"end":{"line":139,"column":35}},"loc":{"start":{"line":139,"column":45},"end":{"line":144,"column":5}},"line":139},"9":{"name":"(anonymous_9)","decl":{"start":{"line":140,"column":22},"end":{"line":140,"column":23}},"loc":{"start":{"line":141,"column":6},"end":{"line":141,"column":null}},"line":141},"10":{"name":"(anonymous_10)","decl":{"start":{"line":141,"column":24},"end":{"line":141,"column":25}},"loc":{"start":{"line":141,"column":42},"end":{"line":141,"column":70}},"line":141},"11":{"name":"(anonymous_11)","decl":{"start":{"line":146,"column":41},"end":{"line":146,"column":42}},"loc":{"start":{"line":146,"column":51},"end":{"line":149,"column":5}},"line":146},"12":{"name":"(anonymous_12)","decl":{"start":{"line":151,"column":35},"end":{"line":151,"column":41}},"loc":{"start":{"line":151,"column":41},"end":{"line":181,"column":5}},"line":151},"13":{"name":"(anonymous_13)","decl":{"start":{"line":154,"column":41},"end":{"line":154,"column":42}},"loc":{"start":{"line":154,"column":52},"end":{"line":154,"column":61}},"line":154},"14":{"name":"(anonymous_14)","decl":{"start":{"line":156,"column":12},"end":{"line":156,"column":18}},"loc":{"start":{"line":156,"column":18},"end":{"line":161,"column":7}},"line":156},"15":{"name":"(anonymous_15)","decl":{"start":{"line":162,"column":13},"end":{"line":162,"column":14}},"loc":{"start":{"line":162,"column":22},"end":{"line":179,"column":7}},"line":162},"16":{"name":"(anonymous_16)","decl":{"start":{"line":180,"column":15},"end":{"line":180,"column":21}},"loc":{"start":{"line":180,"column":21},"end":{"line":180,"column":40}},"line":180},"17":{"name":"(anonymous_17)","decl":{"start":{"line":183,"column":37},"end":{"line":183,"column":44}},"loc":{"start":{"line":183,"column":51},"end":{"line":216,"column":5}},"line":183},"18":{"name":"(anonymous_18)","decl":{"start":{"line":221,"column":4},"end":{"line":221,"column":5}},"loc":{"start":{"line":221,"column":12},"end":{"line":229,"column":null}},"line":221},"19":{"name":"(anonymous_19)","decl":{"start":{"line":233,"column":42},"end":{"line":233,"column":48}},"loc":{"start":{"line":233,"column":48},"end":{"line":236,"column":5}},"line":233},"20":{"name":"(anonymous_20)","decl":{"start":{"line":238,"column":44},"end":{"line":238,"column":50}},"loc":{"start":{"line":238,"column":50},"end":{"line":244,"column":5}},"line":238},"21":{"name":"(anonymous_21)","decl":{"start":{"line":301,"column":25},"end":{"line":301,"column":31}},"loc":{"start":{"line":301,"column":31},"end":{"line":305,"column":null}},"line":301},"22":{"name":"(anonymous_22)","decl":{"start":{"line":314,"column":23},"end":{"line":314,"column":29}},"loc":{"start":{"line":314,"column":29},"end":{"line":314,"column":null}},"line":314},"23":{"name":"(anonymous_23)","decl":{"start":{"line":357,"column":27},"end":{"line":357,"column":28}},"loc":{"start":{"line":357,"column":39},"end":{"line":360,"column":null}},"line":357}},"branchMap":{"0":{"loc":{"start":{"line":32,"column":17},"end":{"line":32,"column":29}},"type":"default-arg","locations":[{"start":{"line":32,"column":25},"end":{"line":32,"column":29}}],"line":32},"1":{"loc":{"start":{"line":32,"column":29},"end":{"line":32,"column":44}},"type":"default-arg","locations":[{"start":{"line":32,"column":38},"end":{"line":32,"column":44}}],"line":32},"2":{"loc":{"start":{"line":33,"column":6},"end":{"line":33,"column":null}},"type":"if","locations":[{"start":{"line":33,"column":6},"end":{"line":33,"column":null}},{"start":{},"end":{}}],"line":33},"3":{"loc":{"start":{"line":42,"column":6},"end":{"line":52,"column":null}},"type":"if","locations":[{"start":{"line":42,"column":6},"end":{"line":52,"column":null}},{"start":{},"end":{}}],"line":42},"4":{"loc":{"start":{"line":44,"column":8},"end":{"line":49,"column":null}},"type":"if","locations":[{"start":{"line":44,"column":8},"end":{"line":49,"column":null}},{"start":{"line":47,"column":15},"end":{"line":49,"column":null}}],"line":44},"5":{"loc":{"start":{"line":57,"column":8},"end":{"line":63,"column":null}},"type":"if","locations":[{"start":{"line":57,"column":8},"end":{"line":63,"column":null}},{"start":{"line":60,"column":15},"end":{"line":63,"column":null}}],"line":57},"6":{"loc":{"start":{"line":67,"column":8},"end":{"line":80,"column":null}},"type":"if","locations":[{"start":{"line":67,"column":8},"end":{"line":80,"column":null}},{"start":{"line":71,"column":8},"end":{"line":80,"column":null}}],"line":67},"7":{"loc":{"start":{"line":67,"column":12},"end":{"line":67,"column":64}},"type":"binary-expr","locations":[{"start":{"line":67,"column":12},"end":{"line":67,"column":19}},{"start":{"line":67,"column":19},"end":{"line":67,"column":35}},{"start":{"line":67,"column":35},"end":{"line":67,"column":64}}],"line":67},"8":{"loc":{"start":{"line":71,"column":8},"end":{"line":80,"column":null}},"type":"if","locations":[{"start":{"line":71,"column":8},"end":{"line":80,"column":null}},{"start":{"line":78,"column":15},"end":{"line":80,"column":null}}],"line":71},"9":{"loc":{"start":{"line":72,"column":10},"end":{"line":75,"column":null}},"type":"binary-expr","locations":[{"start":{"line":72,"column":10},"end":{"line":72,"column":null}},{"start":{"line":73,"column":10},"end":{"line":73,"column":null}},{"start":{"line":74,"column":10},"end":{"line":74,"column":null}},{"start":{"line":75,"column":10},"end":{"line":75,"column":null}}],"line":72},"10":{"loc":{"start":{"line":94,"column":8},"end":{"line":115,"column":null}},"type":"if","locations":[{"start":{"line":94,"column":8},"end":{"line":115,"column":null}},{"start":{},"end":{}}],"line":94},"11":{"loc":{"start":{"line":98,"column":12},"end":{"line":99,"column":null}},"type":"if","locations":[{"start":{"line":98,"column":12},"end":{"line":99,"column":null}},{"start":{},"end":{}}],"line":98},"12":{"loc":{"start":{"line":98,"column":16},"end":{"line":98,"column":null}},"type":"binary-expr","locations":[{"start":{"line":98,"column":16},"end":{"line":98,"column":27}},{"start":{"line":98,"column":27},"end":{"line":98,"column":null}}],"line":98},"13":{"loc":{"start":{"line":104,"column":12},"end":{"line":111,"column":null}},"type":"if","locations":[{"start":{"line":104,"column":12},"end":{"line":111,"column":null}},{"start":{"line":108,"column":19},"end":{"line":111,"column":null}}],"line":104},"14":{"loc":{"start":{"line":104,"column":16},"end":{"line":104,"column":41}},"type":"binary-expr","locations":[{"start":{"line":104,"column":16},"end":{"line":104,"column":23}},{"start":{"line":104,"column":23},"end":{"line":104,"column":41}}],"line":104},"15":{"loc":{"start":{"line":127,"column":8},"end":{"line":130,"column":null}},"type":"if","locations":[{"start":{"line":127,"column":8},"end":{"line":130,"column":null}},{"start":{},"end":{}}],"line":127},"16":{"loc":{"start":{"line":165,"column":8},"end":{"line":178,"column":null}},"type":"if","locations":[{"start":{"line":165,"column":8},"end":{"line":178,"column":null}},{"start":{"line":169,"column":8},"end":{"line":178,"column":null}}],"line":165},"17":{"loc":{"start":{"line":165,"column":12},"end":{"line":165,"column":64}},"type":"binary-expr","locations":[{"start":{"line":165,"column":12},"end":{"line":165,"column":19}},{"start":{"line":165,"column":19},"end":{"line":165,"column":35}},{"start":{"line":165,"column":35},"end":{"line":165,"column":64}}],"line":165},"18":{"loc":{"start":{"line":169,"column":8},"end":{"line":178,"column":null}},"type":"if","locations":[{"start":{"line":169,"column":8},"end":{"line":178,"column":null}},{"start":{"line":176,"column":15},"end":{"line":178,"column":null}}],"line":169},"19":{"loc":{"start":{"line":170,"column":10},"end":{"line":173,"column":null}},"type":"binary-expr","locations":[{"start":{"line":170,"column":10},"end":{"line":170,"column":null}},{"start":{"line":171,"column":10},"end":{"line":171,"column":null}},{"start":{"line":172,"column":10},"end":{"line":172,"column":null}},{"start":{"line":173,"column":10},"end":{"line":173,"column":null}}],"line":170},"20":{"loc":{"start":{"line":184,"column":4},"end":{"line":184,"column":null}},"type":"if","locations":[{"start":{"line":184,"column":4},"end":{"line":184,"column":null}},{"start":{},"end":{}}],"line":184},"21":{"loc":{"start":{"line":190,"column":6},"end":{"line":195,"column":null}},"type":"if","locations":[{"start":{"line":190,"column":6},"end":{"line":195,"column":null}},{"start":{},"end":{}}],"line":190},"22":{"loc":{"start":{"line":191,"column":24},"end":{"line":191,"column":41}},"type":"binary-expr","locations":[{"start":{"line":191,"column":24},"end":{"line":191,"column":39}},{"start":{"line":191,"column":39},"end":{"line":191,"column":41}}],"line":191},"23":{"loc":{"start":{"line":192,"column":26},"end":{"line":192,"column":45}},"type":"binary-expr","locations":[{"start":{"line":192,"column":26},"end":{"line":192,"column":43}},{"start":{"line":192,"column":43},"end":{"line":192,"column":45}}],"line":192},"24":{"loc":{"start":{"line":199,"column":6},"end":{"line":212,"column":null}},"type":"if","locations":[{"start":{"line":199,"column":6},"end":{"line":212,"column":null}},{"start":{"line":203,"column":6},"end":{"line":212,"column":null}}],"line":199},"25":{"loc":{"start":{"line":199,"column":10},"end":{"line":199,"column":62}},"type":"binary-expr","locations":[{"start":{"line":199,"column":10},"end":{"line":199,"column":17}},{"start":{"line":199,"column":17},"end":{"line":199,"column":33}},{"start":{"line":199,"column":33},"end":{"line":199,"column":62}}],"line":199},"26":{"loc":{"start":{"line":203,"column":6},"end":{"line":212,"column":null}},"type":"if","locations":[{"start":{"line":203,"column":6},"end":{"line":212,"column":null}},{"start":{"line":210,"column":13},"end":{"line":212,"column":null}}],"line":203},"27":{"loc":{"start":{"line":204,"column":8},"end":{"line":207,"column":null}},"type":"binary-expr","locations":[{"start":{"line":204,"column":8},"end":{"line":204,"column":null}},{"start":{"line":205,"column":8},"end":{"line":205,"column":null}},{"start":{"line":206,"column":8},"end":{"line":206,"column":null}},{"start":{"line":207,"column":8},"end":{"line":207,"column":null}}],"line":204},"28":{"loc":{"start":{"line":222,"column":6},"end":{"line":222,"column":null}},"type":"if","locations":[{"start":{"line":222,"column":6},"end":{"line":222,"column":null}},{"start":{},"end":{}}],"line":222},"29":{"loc":{"start":{"line":223,"column":6},"end":{"line":227,"column":null}},"type":"if","locations":[{"start":{"line":223,"column":6},"end":{"line":227,"column":null}},{"start":{},"end":{}}],"line":223},"30":{"loc":{"start":{"line":275,"column":11},"end":{"line":317,"column":null}},"type":"cond-expr","locations":[{"start":{"line":276,"column":12},"end":{"line":309,"column":null}},{"start":{"line":311,"column":12},"end":{"line":317,"column":null}}],"line":275},"31":{"loc":{"start":{"line":277,"column":15},"end":{"line":290,"column":null}},"type":"binary-expr","locations":[{"start":{"line":277,"column":15},"end":{"line":277,"column":null}},{"start":{"line":278,"column":16},"end":{"line":278,"column":null}},{"start":{"line":279,"column":16},"end":{"line":279,"column":null}},{"start":{"line":280,"column":18},"end":{"line":290,"column":null}}],"line":277},"32":{"loc":{"start":{"line":296,"column":17},"end":{"line":296,"column":null}},"type":"binary-expr","locations":[{"start":{"line":296,"column":17},"end":{"line":296,"column":36}},{"start":{"line":296,"column":36},"end":{"line":296,"column":null}}],"line":296},"33":{"loc":{"start":{"line":325,"column":9},"end":{"line":328,"column":null}},"type":"binary-expr","locations":[{"start":{"line":325,"column":9},"end":{"line":325,"column":null}},{"start":{"line":326,"column":10},"end":{"line":328,"column":null}}],"line":325}},"s":{"0":21,"1":21,"2":21,"3":21,"4":21,"5":21,"6":21,"7":21,"8":21,"9":21,"10":21,"11":21,"12":21,"13":21,"14":21,"15":4,"16":0,"17":4,"18":4,"19":4,"20":4,"21":4,"22":4,"23":0,"24":0,"25":0,"26":0,"27":0,"28":0,"29":0,"30":4,"31":4,"32":3,"33":3,"34":3,"35":0,"36":1,"37":1,"38":0,"39":1,"40":0,"41":1,"42":4,"43":21,"44":5,"45":5,"46":5,"47":5,"48":5,"49":5,"50":5,"51":5,"52":5,"53":5,"54":5,"55":0,"56":0,"57":0,"58":0,"59":5,"60":0,"61":0,"62":0,"63":21,"64":2,"65":2,"66":2,"67":0,"68":0,"69":0,"70":2,"71":2,"72":2,"73":2,"74":21,"75":1,"76":1,"77":1,"78":1,"79":21,"80":0,"81":0,"82":21,"83":1,"84":1,"85":1,"86":1,"87":1,"88":1,"89":1,"90":1,"91":1,"92":0,"93":0,"94":0,"95":0,"96":0,"97":0,"98":1,"99":21,"100":0,"101":0,"102":0,"103":0,"104":0,"105":0,"106":0,"107":0,"108":0,"109":0,"110":0,"111":0,"112":0,"113":0,"114":0,"115":0,"116":0,"117":0,"118":21,"119":0,"120":0,"121":0,"122":0,"123":0,"124":0,"125":0,"126":21,"127":0,"128":0,"129":21,"130":0,"131":0,"132":0,"133":0,"134":21,"135":21,"136":0,"137":0,"138":0,"139":0,"140":0,"141":0},"f":{"0":21,"1":4,"2":5,"3":5,"4":2,"5":2,"6":2,"7":0,"8":1,"9":1,"10":1,"11":0,"12":1,"13":1,"14":1,"15":0,"16":1,"17":0,"18":0,"19":0,"20":0,"21":0,"22":0,"23":0},"b":{"0":[4],"1":[4],"2":[0,4],"3":[0,4],"4":[0,0],"5":[3,0],"6":[0,1],"7":[1,1,0],"8":[0,1],"9":[1,1,0,0],"10":[5,0],"11":[5,0],"12":[5,5],"13":[0,0],"14":[0,0],"15":[0,2],"16":[0,0],"17":[0,0,0],"18":[0,0],"19":[0,0,0,0],"20":[0,0],"21":[0,0],"22":[0,0],"23":[0,0],"24":[0,0],"25":[0,0,0],"26":[0,0],"27":[0,0,0,0],"28":[0,0],"29":[0,0],"30":[16,5],"31":[16,16,16,0],"32":[16,0],"33":[21,1]},"meta":{"lastBranch":34,"lastFunction":24,"lastStatement":142,"seen":{"f:11:9:11:15":0,"s:12:40:12:Infinity":0,"s:13:34:13:Infinity":1,"s:14:36:14:Infinity":2,"s:15:38:15:Infinity":3,"s:16:42:16:Infinity":4,"s:17:34:17:Infinity":5,"s:18:28:18:Infinity":6,"s:19:44:19:Infinity":7,"s:20:40:20:Infinity":8,"s:21:36:21:Infinity":9,"s:22:44:22:Infinity":10,"s:23:32:23:Infinity":11,"s:24:24:24:Infinity":12,"s:27:8:27:Infinity":13,"s:31:8:86:Infinity":14,"f:32:4:32:11":1,"b:32:25:32:29":0,"b:32:38:32:44":1,"b:33:6:33:Infinity:undefined:undefined:undefined:undefined":2,"s:33:6:33:Infinity":15,"s:33:17:33:Infinity":16,"s:34:6:34:Infinity":17,"s:35:6:35:Infinity":18,"s:36:6:36:Infinity":19,"s:39:23:39:Infinity":20,"s:40:20:40:Infinity":21,"b:42:6:52:Infinity:undefined:undefined:undefined:undefined":3,"s:42:6:52:Infinity":22,"s:43:24:43:Infinity":23,"b:44:8:49:Infinity:47:15:49:Infinity":4,"s:44:8:49:Infinity":24,"s:45:10:45:Infinity":25,"s:46:10:46:Infinity":26,"s:48:10:48:Infinity":27,"s:50:8:50:Infinity":28,"s:51:8:51:Infinity":29,"s:54:6:83:Infinity":30,"s:55:24:55:Infinity":31,"b:57:8:63:Infinity:60:15:63:Infinity":5,"s:57:8:63:Infinity":32,"s:58:10:58:Infinity":33,"s:59:10:59:Infinity":34,"s:62:10:62:Infinity":35,"s:65:8:65:Infinity":36,"b:67:8:80:Infinity:71:8:80:Infinity":6,"s:67:8:80:Infinity":37,"b:67:12:67:19:67:19:67:35:67:35:67:64":7,"s:68:10:70:Infinity":38,"b:71:8:80:Infinity:78:15:80:Infinity":8,"s:71:8:80:Infinity":39,"b:72:10:72:Infinity:73:10:73:Infinity:74:10:74:Infinity:75:10:75:Infinity":9,"s:77:10:77:Infinity":40,"s:79:10:79:Infinity":41,"s:82:8:82:Infinity":42,"s:89:2:122:Infinity":43,"f:89:12:89:18":2,"s:90:4:121:Infinity":44,"f:90:5:90:17":3,"s:91:6:120:Infinity":45,"s:92:22:92:Infinity":46,"s:93:8:93:Infinity":47,"b:94:8:115:Infinity:undefined:undefined:undefined:undefined":10,"s:94:8:115:Infinity":48,"s:95:10:95:Infinity":49,"s:96:10:114:Infinity":50,"s:97:28:97:Infinity":51,"b:98:12:99:Infinity:undefined:undefined:undefined:undefined":11,"s:98:12:99:Infinity":52,"b:98:16:98:27:98:27:98:Infinity":12,"s:99:14:99:Infinity":53,"s:101:12:101:Infinity":54,"b:104:12:111:Infinity:108:19:111:Infinity":13,"s:104:12:111:Infinity":55,"b:104:16:104:23:104:23:104:41":14,"s:105:14:107:Infinity":56,"s:109:14:109:Infinity":57,"s:110:14:110:Infinity":58,"s:113:12:113:Infinity":59,"s:117:8:117:Infinity":60,"s:118:8:118:Infinity":61,"s:119:8:119:Infinity":62,"s:124:8:137:Infinity":63,"f:124:31:124:32":4,"s:125:4:136:Infinity":64,"f:125:23:125:24":5,"s:126:6:135:Infinity":65,"f:126:24:126:25":6,"b:127:8:130:Infinity:undefined:undefined:undefined:undefined":15,"s:127:8:130:Infinity":66,"f:127:28:127:29":7,"s:127:44:127:70":67,"s:128:10:128:Infinity":68,"s:129:10:129:Infinity":69,"s:131:21:131:Infinity":70,"s:132:8:132:Infinity":71,"s:133:8:133:Infinity":72,"s:134:8:134:Infinity":73,"s:139:8:144:Infinity":74,"f:139:34:139:35":8,"s:140:4:142:Infinity":75,"f:140:22:140:23":9,"s:141:6:141:Infinity":76,"f:141:24:141:25":10,"s:141:42:141:70":77,"s:143:4:143:Infinity":78,"s:146:8:149:Infinity":79,"f:146:41:146:42":11,"s:147:4:147:Infinity":80,"s:148:4:148:Infinity":81,"s:151:8:181:Infinity":82,"f:151:35:151:41":12,"s:152:4:152:Infinity":83,"s:153:4:153:Infinity":84,"s:154:22:154:Infinity":85,"f:154:41:154:42":13,"s:154:52:154:61":86,"s:155:4:180:Infinity":87,"f:156:12:156:18":14,"s:157:8:157:Infinity":88,"s:158:8:158:Infinity":89,"s:159:8:159:Infinity":90,"s:160:8:160:Infinity":91,"f:162:13:162:14":15,"s:163:8:163:Infinity":92,"b:165:8:178:Infinity:169:8:178:Infinity":16,"s:165:8:178:Infinity":93,"b:165:12:165:19:165:19:165:35:165:35:165:64":17,"s:166:10:168:Infinity":94,"b:169:8:178:Infinity:176:15:178:Infinity":18,"s:169:8:178:Infinity":95,"b:170:10:170:Infinity:171:10:171:Infinity:172:10:172:Infinity:173:10:173:Infinity":19,"s:175:10:175:Infinity":96,"s:177:10:177:Infinity":97,"f:180:15:180:21":16,"s:180:21:180:40":98,"s:183:8:216:Infinity":99,"f:183:37:183:44":17,"b:184:4:184:Infinity:undefined:undefined:undefined:undefined":20,"s:184:4:184:Infinity":100,"s:184:13:184:Infinity":101,"s:185:4:185:Infinity":102,"s:186:4:186:Infinity":103,"s:187:4:215:Infinity":104,"s:188:21:188:Infinity":105,"b:190:6:195:Infinity:undefined:undefined:undefined:undefined":21,"s:190:6:195:Infinity":106,"s:191:8:191:Infinity":107,"b:191:24:191:39:191:39:191:41":22,"s:192:8:192:Infinity":108,"b:192:26:192:43:192:43:192:45":23,"s:193:8:193:Infinity":109,"s:194:8:194:Infinity":110,"s:197:6:197:Infinity":111,"b:199:6:212:Infinity:203:6:212:Infinity":24,"s:199:6:212:Infinity":112,"b:199:10:199:17:199:17:199:33:199:33:199:62":25,"s:200:8:202:Infinity":113,"b:203:6:212:Infinity:210:13:212:Infinity":26,"s:203:6:212:Infinity":114,"b:204:8:204:Infinity:205:8:205:Infinity:206:8:206:Infinity:207:8:207:Infinity":27,"s:209:8:209:Infinity":115,"s:211:8:211:Infinity":116,"s:214:6:214:Infinity":117,"s:220:8:231:Infinity":118,"f:221:4:221:5":18,"b:222:6:222:Infinity:undefined:undefined:undefined:undefined":28,"s:222:6:222:Infinity":119,"s:222:15:222:Infinity":120,"b:223:6:227:Infinity:undefined:undefined:undefined:undefined":29,"s:223:6:227:Infinity":121,"s:224:8:224:Infinity":122,"s:225:8:225:Infinity":123,"s:226:8:226:Infinity":124,"s:228:6:228:Infinity":125,"s:233:8:236:Infinity":126,"f:233:42:233:48":19,"s:234:4:234:Infinity":127,"s:235:4:235:Infinity":128,"s:238:8:244:Infinity":129,"f:238:44:238:50":20,"s:239:15:239:Infinity":130,"s:240:4:240:Infinity":131,"s:241:4:241:Infinity":132,"s:243:4:243:Infinity":133,"s:247:36:247:Infinity":134,"s:249:2:376:Infinity":135,"b:276:12:309:Infinity:311:12:317:Infinity":30,"b:277:15:277:Infinity:278:16:278:Infinity:279:16:279:Infinity:280:18:290:Infinity":31,"b:296:17:296:36:296:36:296:Infinity":32,"f:301:25:301:31":21,"s:302:18:302:Infinity":136,"s:303:18:303:Infinity":137,"s:304:18:304:Infinity":138,"f:314:23:314:29":22,"s:314:29:314:Infinity":139,"b:325:9:325:Infinity:326:10:328:Infinity":33,"f:357:27:357:28":23,"s:358:18:358:Infinity":140,"s:359:18:359:Infinity":141}}}
,"/Users/cambboyle/Documents/PARA System/01 - Projects/codecademyProjects/crate/src/components/Common/ConfirmModal.jsx": {"path":"/Users/cambboyle/Documents/PARA System/01 - Projects/codecademyProjects/crate/src/components/Common/ConfirmModal.jsx","statementMap":{"0":{"start":{"line":12,"column":2},"end":{"line":12,"column":null}},"1":{"start":{"line":12,"column":15},"end":{"line":12,"column":null}},"2":{"start":{"line":14,"column":2},"end":{"line":28,"column":null}}},"fnMap":{"0":{"name":"ConfirmModal","decl":{"start":{"line":3,"column":24},"end":{"line":3,"column":37}},"loc":{"start":{"line":11,"column":3},"end":{"line":30,"column":null}},"line":11}},"branchMap":{"0":{"loc":{"start":{"line":9,"column":2},"end":{"line":9,"column":null}},"type":"default-arg","locations":[{"start":{"line":9,"column":17},"end":{"line":9,"column":null}}],"line":9},"1":{"loc":{"start":{"line":10,"column":2},"end":{"line":10,"column":null}},"type":"default-arg","locations":[{"start":{"line":10,"column":16},"end":{"line":10,"column":null}}],"line":10},"2":{"loc":{"start":{"line":12,"column":2},"end":{"line":12,"column":null}},"type":"if","locations":[{"start":{"line":12,"column":2},"end":{"line":12,"column":null}},{"start":{},"end":{}}],"line":12},"3":{"loc":{"start":{"line":17,"column":9},"end":{"line":17,"column":null}},"type":"binary-expr","locations":[{"start":{"line":17,"column":9},"end":{"line":17,"column":18}},{"start":{"line":17,"column":18},"end":{"line":17,"column":null}}],"line":17}},"s":{"0":24,"1":20,"2":4},"f":{"0":24},"b":{"0":[24],"1":[24],"2":[20,4],"3":[4,4]},"meta":{"lastBranch":4,"lastFunction":1,"lastStatement":3,"seen":{"f:3:24:3:37":0,"b:9:17:9:Infinity":0,"b:10:16:10:Infinity":1,"b:12:2:12:Infinity:undefined:undefined:undefined:undefined":2,"s:12:2:12:Infinity":0,"s:12:15:12:Infinity":1,"s:14:2:28:Infinity":2,"b:17:9:17:18:17:18:17:Infinity":3}}}
,"/Users/cambboyle/Documents/PARA System/01 - Projects/codecademyProjects/crate/src/components/Playlist/Playlist.jsx": {"path":"/Users/cambboyle/Documents/PARA System/01 - Projects/codecademyProjects/crate/src/components/Playlist/Playlist.jsx","statementMap":{"0":{"start":{"line":4,"column":17},"end":{"line":402,"column":null}},"1":{"start":{"line":12,"column":6},"end":{"line":12,"column":null}},"2":{"start":{"line":13,"column":24},"end":{"line":13,"column":null}},"3":{"start":{"line":14,"column":22},"end":{"line":14,"column":null}},"4":{"start":{"line":15,"column":34},"end":{"line":15,"column":null}},"5":{"start":{"line":16,"column":26},"end":{"line":16,"column":null}},"6":{"start":{"line":19,"column":2},"end":{"line":22,"column":null}},"7":{"start":{"line":20,"column":4},"end":{"line":20,"column":null}},"8":{"start":{"line":21,"column":4},"end":{"line":21,"column":null}},"9":{"start":{"line":25,"column":26},"end":{"line":25,"column":null}},"10":{"start":{"line":25,"column":35},"end":{"line":25,"column":null}},"11":{"start":{"line":26,"column":26},"end":{"line":33,"column":null}},"12":{"start":{"line":27,"column":4},"end":{"line":27,"column":null}},"13":{"start":{"line":27,"column":51},"end":{"line":27,"column":null}},"14":{"start":{"line":28,"column":20},"end":{"line":28,"column":null}},"15":{"start":{"line":29,"column":22},"end":{"line":29,"column":null}},"16":{"start":{"line":30,"column":4},"end":{"line":30,"column":null}},"17":{"start":{"line":31,"column":4},"end":{"line":31,"column":null}},"18":{"start":{"line":32,"column":4},"end":{"line":32,"column":null}},"19":{"start":{"line":34,"column":24},"end":{"line":43,"column":null}},"20":{"start":{"line":35,"column":4},"end":{"line":35,"column":null}},"21":{"start":{"line":37,"column":4},"end":{"line":42,"column":null}},"22":{"start":{"line":38,"column":39},"end":{"line":38,"column":43}},"23":{"start":{"line":39,"column":55},"end":{"line":39,"column":59}},"24":{"start":{"line":41,"column":6},"end":{"line":41,"column":null}},"25":{"start":{"line":41,"column":27},"end":{"line":41,"column":null}},"26":{"start":{"line":45,"column":8},"end":{"line":50,"column":null}},"27":{"start":{"line":47,"column":6},"end":{"line":47,"column":null}},"28":{"start":{"line":52,"column":16},"end":{"line":52,"column":null}},"29":{"start":{"line":53,"column":19},"end":{"line":53,"column":null}},"30":{"start":{"line":54,"column":19},"end":{"line":54,"column":null}},"31":{"start":{"line":55,"column":17},"end":{"line":55,"column":null}},"32":{"start":{"line":57,"column":26},"end":{"line":57,"column":null}},"33":{"start":{"line":59,"column":2},"end":{"line":400,"column":null}},"34":{"start":{"line":75,"column":25},"end":{"line":75,"column":null}},"35":{"start":{"line":76,"column":24},"end":{"line":76,"column":null}},"36":{"start":{"line":84,"column":27},"end":{"line":84,"column":null}},"37":{"start":{"line":91,"column":27},"end":{"line":91,"column":null}},"38":{"start":{"line":91,"column":42},"end":{"line":91,"column":60}},"39":{"start":{"line":101,"column":27},"end":{"line":101,"column":null}},"40":{"start":{"line":101,"column":42},"end":{"line":101,"column":67}},"41":{"start":{"line":108,"column":27},"end":{"line":108,"column":null}},"42":{"start":{"line":120,"column":14},"end":{"line":120,"column":null}},"43":{"start":{"line":121,"column":14},"end":{"line":121,"column":null}},"44":{"start":{"line":158,"column":14},"end":{"line":215,"column":null}},"45":{"start":{"line":218,"column":14},"end":{"line":376,"column":null}},"46":{"start":{"line":236,"column":35},"end":{"line":236,"column":null}},"47":{"start":{"line":237,"column":35},"end":{"line":237,"column":null}},"48":{"start":{"line":239,"column":35},"end":{"line":239,"column":null}},"49":{"start":{"line":243,"column":18},"end":{"line":259,"column":null}},"50":{"start":{"line":244,"column":36},"end":{"line":244,"column":null}},"51":{"start":{"line":245,"column":20},"end":{"line":248,"column":null}},"52":{"start":{"line":249,"column":20},"end":{"line":249,"column":null}},"53":{"start":{"line":250,"column":20},"end":{"line":250,"column":null}},"54":{"start":{"line":250,"column":41},"end":{"line":250,"column":null}},"55":{"start":{"line":252,"column":20},"end":{"line":257,"column":null}},"56":{"start":{"line":253,"column":35},"end":{"line":255,"column":null}},"57":{"start":{"line":256,"column":22},"end":{"line":256,"column":null}},"58":{"start":{"line":256,"column":41},"end":{"line":256,"column":null}},"59":{"start":{"line":258,"column":20},"end":{"line":258,"column":null}},"60":{"start":{"line":260,"column":18},"end":{"line":275,"column":null}},"61":{"start":{"line":261,"column":36},"end":{"line":261,"column":null}},"62":{"start":{"line":262,"column":20},"end":{"line":265,"column":null}},"63":{"start":{"line":266,"column":20},"end":{"line":266,"column":null}},"64":{"start":{"line":267,"column":20},"end":{"line":267,"column":null}},"65":{"start":{"line":267,"column":41},"end":{"line":267,"column":null}},"66":{"start":{"line":268,"column":20},"end":{"line":273,"column":null}},"67":{"start":{"line":269,"column":35},"end":{"line":271,"column":null}},"68":{"start":{"line":272,"column":22},"end":{"line":272,"column":null}},"69":{"start":{"line":272,"column":41},"end":{"line":272,"column":null}},"70":{"start":{"line":274,"column":20},"end":{"line":274,"column":null}},"71":{"start":{"line":348,"column":33},"end":{"line":348,"column":null}},"72":{"start":{"line":366,"column":20},"end":{"line":366,"column":null}},"73":{"start":{"line":367,"column":20},"end":{"line":367,"column":null}},"74":{"start":{"line":370,"column":20},"end":{"line":370,"column":null}},"75":{"start":{"line":371,"column":20},"end":{"line":371,"column":null}}},"fnMap":{"0":{"name":"(anonymous_0)","decl":{"start":{"line":4,"column":17},"end":{"line":4,"column":18}},"loc":{"start":{"line":4,"column":28},"end":{"line":402,"column":null}},"line":4},"1":{"name":"(anonymous_1)","decl":{"start":{"line":19,"column":12},"end":{"line":19,"column":18}},"loc":{"start":{"line":19,"column":18},"end":{"line":22,"column":5}},"line":19},"2":{"name":"(anonymous_2)","decl":{"start":{"line":25,"column":26},"end":{"line":25,"column":27}},"loc":{"start":{"line":25,"column":35},"end":{"line":25,"column":null}},"line":25},"3":{"name":"(anonymous_3)","decl":{"start":{"line":26,"column":26},"end":{"line":26,"column":27}},"loc":{"start":{"line":26,"column":35},"end":{"line":33,"column":null}},"line":26},"4":{"name":"(anonymous_4)","decl":{"start":{"line":34,"column":24},"end":{"line":34,"column":30}},"loc":{"start":{"line":34,"column":30},"end":{"line":43,"column":null}},"line":34},"5":{"name":"(anonymous_5)","decl":{"start":{"line":38,"column":32},"end":{"line":38,"column":33}},"loc":{"start":{"line":38,"column":39},"end":{"line":38,"column":43}},"line":38},"6":{"name":"(anonymous_6)","decl":{"start":{"line":39,"column":48},"end":{"line":39,"column":49}},"loc":{"start":{"line":39,"column":55},"end":{"line":39,"column":59}},"line":39},"7":{"name":"(anonymous_7)","decl":{"start":{"line":46,"column":4},"end":{"line":46,"column":5}},"loc":{"start":{"line":46,"column":15},"end":{"line":48,"column":null}},"line":46},"8":{"name":"(anonymous_8)","decl":{"start":{"line":75,"column":17},"end":{"line":75,"column":18}},"loc":{"start":{"line":75,"column":25},"end":{"line":75,"column":null}},"line":75},"9":{"name":"(anonymous_9)","decl":{"start":{"line":76,"column":16},"end":{"line":76,"column":17}},"loc":{"start":{"line":76,"column":24},"end":{"line":76,"column":null}},"line":76},"10":{"name":"(anonymous_10)","decl":{"start":{"line":84,"column":21},"end":{"line":84,"column":27}},"loc":{"start":{"line":84,"column":27},"end":{"line":84,"column":null}},"line":84},"11":{"name":"(anonymous_11)","decl":{"start":{"line":91,"column":21},"end":{"line":91,"column":27}},"loc":{"start":{"line":91,"column":27},"end":{"line":91,"column":null}},"line":91},"12":{"name":"(anonymous_12)","decl":{"start":{"line":91,"column":35},"end":{"line":91,"column":36}},"loc":{"start":{"line":91,"column":42},"end":{"line":91,"column":60}},"line":91},"13":{"name":"(anonymous_13)","decl":{"start":{"line":101,"column":21},"end":{"line":101,"column":27}},"loc":{"start":{"line":101,"column":27},"end":{"line":101,"column":null}},"line":101},"14":{"name":"(anonymous_14)","decl":{"start":{"line":101,"column":35},"end":{"line":101,"column":36}},"loc":{"start":{"line":101,"column":42},"end":{"line":101,"column":67}},"line":101},"15":{"name":"(anonymous_15)","decl":{"start":{"line":108,"column":21},"end":{"line":108,"column":27}},"loc":{"start":{"line":108,"column":27},"end":{"line":108,"column":null}},"line":108},"16":{"name":"(anonymous_16)","decl":{"start":{"line":119,"column":22},"end":{"line":119,"column":23}},"loc":{"start":{"line":119,"column":29},"end":{"line":122,"column":null}},"line":119},"17":{"name":"(anonymous_17)","decl":{"start":{"line":157,"column":42},"end":{"line":157,"column":43}},"loc":{"start":{"line":158,"column":14},"end":{"line":215,"column":null}},"line":158},"18":{"name":"(anonymous_18)","decl":{"start":{"line":217,"column":32},"end":{"line":217,"column":33}},"loc":{"start":{"line":218,"column":14},"end":{"line":376,"column":null}},"line":218},"19":{"name":"(anonymous_19)","decl":{"start":{"line":236,"column":29},"end":{"line":236,"column":35}},"loc":{"start":{"line":236,"column":35},"end":{"line":236,"column":null}},"line":236},"20":{"name":"(anonymous_20)","decl":{"start":{"line":237,"column":29},"end":{"line":237,"column":35}},"loc":{"start":{"line":237,"column":35},"end":{"line":237,"column":null}},"line":237},"21":{"name":"(anonymous_21)","decl":{"start":{"line":239,"column":28},"end":{"line":239,"column":29}},"loc":{"start":{"line":239,"column":35},"end":{"line":239,"column":null}},"line":239},"22":{"name":"(anonymous_22)","decl":{"start":{"line":242,"column":27},"end":{"line":242,"column":28}},"loc":{"start":{"line":242,"column":34},"end":{"line":276,"column":null}},"line":242},"23":{"name":"(anonymous_23)","decl":{"start":{"line":252,"column":31},"end":{"line":252,"column":37}},"loc":{"start":{"line":252,"column":37},"end":{"line":257,"column":23}},"line":252},"24":{"name":"(anonymous_24)","decl":{"start":{"line":268,"column":31},"end":{"line":268,"column":37}},"loc":{"start":{"line":268,"column":37},"end":{"line":273,"column":23}},"line":268},"25":{"name":"(anonymous_25)","decl":{"start":{"line":348,"column":27},"end":{"line":348,"column":33}},"loc":{"start":{"line":348,"column":33},"end":{"line":348,"column":null}},"line":348},"26":{"name":"(anonymous_26)","decl":{"start":{"line":365,"column":31},"end":{"line":365,"column":32}},"loc":{"start":{"line":365,"column":38},"end":{"line":368,"column":null}},"line":365},"27":{"name":"(anonymous_27)","decl":{"start":{"line":369,"column":30},"end":{"line":369,"column":31}},"loc":{"start":{"line":369,"column":37},"end":{"line":372,"column":null}},"line":369}},"branchMap":{"0":{"loc":{"start":{"line":16,"column":39},"end":{"line":16,"column":59}},"type":"binary-expr","locations":[{"start":{"line":16,"column":39},"end":{"line":16,"column":57}},{"start":{"line":16,"column":57},"end":{"line":16,"column":59}}],"line":16},"1":{"loc":{"start":{"line":21,"column":14},"end":{"line":21,"column":34}},"type":"binary-expr","locations":[{"start":{"line":21,"column":14},"end":{"line":21,"column":32}},{"start":{"line":21,"column":32},"end":{"line":21,"column":34}}],"line":21},"2":{"loc":{"start":{"line":27,"column":4},"end":{"line":27,"column":null}},"type":"if","locations":[{"start":{"line":27,"column":4},"end":{"line":27,"column":null}},{"start":{},"end":{}}],"line":27},"3":{"loc":{"start":{"line":27,"column":8},"end":{"line":27,"column":51}},"type":"binary-expr","locations":[{"start":{"line":27,"column":8},"end":{"line":27,"column":31}},{"start":{"line":27,"column":31},"end":{"line":27,"column":51}}],"line":27},"4":{"loc":{"start":{"line":37,"column":4},"end":{"line":42,"column":null}},"type":"if","locations":[{"start":{"line":37,"column":4},"end":{"line":42,"column":null}},{"start":{},"end":{}}],"line":37},"5":{"loc":{"start":{"line":39,"column":22},"end":{"line":39,"column":44}},"type":"binary-expr","locations":[{"start":{"line":39,"column":22},"end":{"line":39,"column":40}},{"start":{"line":39,"column":40},"end":{"line":39,"column":44}}],"line":39},"6":{"loc":{"start":{"line":41,"column":6},"end":{"line":41,"column":null}},"type":"if","locations":[{"start":{"line":41,"column":6},"end":{"line":41,"column":null}},{"start":{},"end":{}}],"line":41},"7":{"loc":{"start":{"line":54,"column":19},"end":{"line":54,"column":null}},"type":"cond-expr","locations":[{"start":{"line":54,"column":33},"end":{"line":54,"column":37}},{"start":{"line":54,"column":37},"end":{"line":54,"column":null}}],"line":54},"8":{"loc":{"start":{"line":129,"column":13},"end":{"line":131,"column":null}},"type":"cond-expr","locations":[{"start":{"line":130,"column":16},"end":{"line":130,"column":null}},{"start":{"line":131,"column":16},"end":{"line":131,"column":null}}],"line":129},"9":{"loc":{"start":{"line":156,"column":9},"end":{"line":377,"column":null}},"type":"cond-expr","locations":[{"start":{"line":157,"column":12},"end":{"line":216,"column":null}},{"start":{"line":217,"column":12},"end":{"line":377,"column":null}}],"line":156},"10":{"loc":{"start":{"line":162,"column":32},"end":{"line":162,"column":null}},"type":"cond-expr","locations":[{"start":{"line":162,"column":42},"end":{"line":162,"column":72}},{"start":{"line":162,"column":72},"end":{"line":162,"column":null}}],"line":162},"11":{"loc":{"start":{"line":223,"column":20},"end":{"line":225,"column":null}},"type":"cond-expr","locations":[{"start":{"line":224,"column":24},"end":{"line":224,"column":null}},{"start":{"line":225,"column":24},"end":{"line":225,"column":null}}],"line":223},"12":{"loc":{"start":{"line":231,"column":20},"end":{"line":231,"column":null}},"type":"cond-expr","locations":[{"start":{"line":231,"column":41},"end":{"line":231,"column":64}},{"start":{"line":231,"column":64},"end":{"line":231,"column":null}}],"line":231},"13":{"loc":{"start":{"line":232,"column":27},"end":{"line":232,"column":null}},"type":"cond-expr","locations":[{"start":{"line":232,"column":48},"end":{"line":232,"column":54}},{"start":{"line":232,"column":54},"end":{"line":232,"column":null}}],"line":232},"14":{"loc":{"start":{"line":243,"column":18},"end":{"line":259,"column":null}},"type":"if","locations":[{"start":{"line":243,"column":18},"end":{"line":259,"column":null}},{"start":{},"end":{}}],"line":243},"15":{"loc":{"start":{"line":243,"column":22},"end":{"line":243,"column":54}},"type":"binary-expr","locations":[{"start":{"line":243,"column":22},"end":{"line":243,"column":45}},{"start":{"line":243,"column":45},"end":{"line":243,"column":54}}],"line":243},"16":{"loc":{"start":{"line":250,"column":20},"end":{"line":250,"column":null}},"type":"if","locations":[{"start":{"line":250,"column":20},"end":{"line":250,"column":null}},{"start":{},"end":{}}],"line":250},"17":{"loc":{"start":{"line":256,"column":22},"end":{"line":256,"column":null}},"type":"if","locations":[{"start":{"line":256,"column":22},"end":{"line":256,"column":null}},{"start":{},"end":{}}],"line":256},"18":{"loc":{"start":{"line":260,"column":18},"end":{"line":275,"column":null}},"type":"if","locations":[{"start":{"line":260,"column":18},"end":{"line":275,"column":null}},{"start":{},"end":{}}],"line":260},"19":{"loc":{"start":{"line":260,"column":22},"end":{"line":260,"column":72}},"type":"binary-expr","locations":[{"start":{"line":260,"column":22},"end":{"line":260,"column":47}},{"start":{"line":260,"column":47},"end":{"line":260,"column":72}}],"line":260},"20":{"loc":{"start":{"line":267,"column":20},"end":{"line":267,"column":null}},"type":"if","locations":[{"start":{"line":267,"column":20},"end":{"line":267,"column":null}},{"start":{},"end":{}}],"line":267},"21":{"loc":{"start":{"line":272,"column":22},"end":{"line":272,"column":null}},"type":"if","locations":[{"start":{"line":272,"column":22},"end":{"line":272,"column":null}},{"start":{},"end":{}}],"line":272},"22":{"loc":{"start":{"line":294,"column":20},"end":{"line":299,"column":null}},"type":"binary-expr","locations":[{"start":{"line":294,"column":20},"end":{"line":294,"column":null}},{"start":{"line":295,"column":20},"end":{"line":295,"column":null}},{"start":{"line":296,"column":20},"end":{"line":296,"column":null}},{"start":{"line":297,"column":21},"end":{"line":299,"column":null}}],"line":294},"23":{"loc":{"start":{"line":297,"column":21},"end":{"line":299,"column":null}},"type":"cond-expr","locations":[{"start":{"line":298,"column":24},"end":{"line":298,"column":null}},{"start":{"line":299,"column":24},"end":{"line":299,"column":null}}],"line":297},"24":{"loc":{"start":{"line":297,"column":21},"end":{"line":297,"column":null}},"type":"binary-expr","locations":[{"start":{"line":297,"column":21},"end":{"line":297,"column":36}},{"start":{"line":297,"column":36},"end":{"line":297,"column":58}},{"start":{"line":297,"column":58},"end":{"line":297,"column":null}}],"line":297},"25":{"loc":{"start":{"line":393,"column":10},"end":{"line":395,"column":null}},"type":"binary-expr","locations":[{"start":{"line":393,"column":10},"end":{"line":393,"column":null}},{"start":{"line":394,"column":10},"end":{"line":394,"column":null}},{"start":{"line":395,"column":10},"end":{"line":395,"column":null}}],"line":393},"26":{"loc":{"start":{"line":398,"column":9},"end":{"line":398,"column":null}},"type":"cond-expr","locations":[{"start":{"line":398,"column":21},"end":{"line":398,"column":35}},{"start":{"line":398,"column":35},"end":{"line":398,"column":null}}],"line":398}},"s":{"0":2,"1":36,"2":36,"3":36,"4":36,"5":36,"6":36,"7":17,"8":17,"9":36,"10":0,"11":36,"12":0,"13":0,"14":0,"15":0,"16":0,"17":0,"18":0,"19":36,"20":0,"21":0,"22":0,"23":0,"24":0,"25":0,"26":36,"27":1,"28":36,"29":36,"30":36,"31":36,"32":36,"33":36,"34":0,"35":0,"36":0,"37":0,"38":0,"39":1,"40":1,"41":0,"42":1,"43":1,"44":10,"45":85,"46":0,"47":0,"48":0,"49":1,"50":1,"51":1,"52":1,"53":1,"54":1,"55":1,"56":1,"57":1,"58":0,"59":1,"60":1,"61":0,"62":0,"63":0,"64":0,"65":0,"66":0,"67":0,"68":0,"69":0,"70":0,"71":2,"72":0,"73":0,"74":0,"75":0},"f":{"0":36,"1":17,"2":0,"3":0,"4":0,"5":0,"6":0,"7":1,"8":0,"9":0,"10":0,"11":0,"12":0,"13":1,"14":1,"15":0,"16":1,"17":10,"18":85,"19":0,"20":0,"21":0,"22":1,"23":1,"24":0,"25":2,"26":0,"27":0},"b":{"0":[36,0],"1":[17,0],"2":[0,0],"3":[0,0],"4":[0,0],"5":[0,0],"6":[0,0],"7":[19,17],"8":[19,17],"9":[2,34],"10":[8,2],"11":[70,15],"12":[0,85],"13":[0,85],"14":[1,0],"15":[1,1],"16":[1,0],"17":[0,1],"18":[0,1],"19":[1,0],"20":[0,0],"21":[0,0],"22":[85,85,85,85],"23":[0,85],"24":[85,85,0],"25":[36,34,34],"26":[2,34]},"meta":{"lastBranch":27,"lastFunction":28,"lastStatement":76,"seen":{"s:4:17:402:Infinity":0,"f:4:17:4:18":0,"s:12:6:12:Infinity":1,"s:13:24:13:Infinity":2,"s:14:22:14:Infinity":3,"s:15:34:15:Infinity":4,"s:16:26:16:Infinity":5,"b:16:39:16:57:16:57:16:59":0,"s:19:2:22:Infinity":6,"f:19:12:19:18":1,"s:20:4:20:Infinity":7,"s:21:4:21:Infinity":8,"b:21:14:21:32:21:32:21:34":1,"s:25:26:25:Infinity":9,"f:25:26:25:27":2,"s:25:35:25:Infinity":10,"s:26:26:33:Infinity":11,"f:26:26:26:27":3,"b:27:4:27:Infinity:undefined:undefined:undefined:undefined":2,"s:27:4:27:Infinity":12,"b:27:8:27:31:27:31:27:51":3,"s:27:51:27:Infinity":13,"s:28:20:28:Infinity":14,"s:29:22:29:Infinity":15,"s:30:4:30:Infinity":16,"s:31:4:31:Infinity":17,"s:32:4:32:Infinity":18,"s:34:24:43:Infinity":19,"f:34:24:34:30":4,"s:35:4:35:Infinity":20,"b:37:4:42:Infinity:undefined:undefined:undefined:undefined":4,"s:37:4:42:Infinity":21,"f:38:32:38:33":5,"s:38:39:38:43":22,"b:39:22:39:40:39:40:39:44":5,"f:39:48:39:49":6,"s:39:55:39:59":23,"b:41:6:41:Infinity:undefined:undefined:undefined:undefined":6,"s:41:6:41:Infinity":24,"s:41:27:41:Infinity":25,"s:45:8:50:Infinity":26,"f:46:4:46:5":7,"s:47:6:47:Infinity":27,"s:52:16:52:Infinity":28,"s:53:19:53:Infinity":29,"s:54:19:54:Infinity":30,"b:54:33:54:37:54:37:54:Infinity":7,"s:55:17:55:Infinity":31,"s:57:26:57:Infinity":32,"s:59:2:400:Infinity":33,"f:75:17:75:18":8,"s:75:25:75:Infinity":34,"f:76:16:76:17":9,"s:76:24:76:Infinity":35,"f:84:21:84:27":10,"s:84:27:84:Infinity":36,"f:91:21:91:27":11,"s:91:27:91:Infinity":37,"f:91:35:91:36":12,"s:91:42:91:60":38,"f:101:21:101:27":13,"s:101:27:101:Infinity":39,"f:101:35:101:36":14,"s:101:42:101:67":40,"f:108:21:108:27":15,"s:108:27:108:Infinity":41,"f:119:22:119:23":16,"s:120:14:120:Infinity":42,"s:121:14:121:Infinity":43,"b:130:16:130:Infinity:131:16:131:Infinity":8,"b:157:12:216:Infinity:217:12:377:Infinity":9,"f:157:42:157:43":17,"s:158:14:215:Infinity":44,"b:162:42:162:72:162:72:162:Infinity":10,"f:217:32:217:33":18,"s:218:14:376:Infinity":45,"b:224:24:224:Infinity:225:24:225:Infinity":11,"b:231:41:231:64:231:64:231:Infinity":12,"b:232:48:232:54:232:54:232:Infinity":13,"f:236:29:236:35":19,"s:236:35:236:Infinity":46,"f:237:29:237:35":20,"s:237:35:237:Infinity":47,"f:239:28:239:29":21,"s:239:35:239:Infinity":48,"f:242:27:242:28":22,"b:243:18:259:Infinity:undefined:undefined:undefined:undefined":14,"s:243:18:259:Infinity":49,"b:243:22:243:45:243:45:243:54":15,"s:244:36:244:Infinity":50,"s:245:20:248:Infinity":51,"s:249:20:249:Infinity":52,"b:250:20:250:Infinity:undefined:undefined:undefined:undefined":16,"s:250:20:250:Infinity":53,"s:250:41:250:Infinity":54,"s:252:20:257:Infinity":55,"f:252:31:252:37":23,"s:253:35:255:Infinity":56,"b:256:22:256:Infinity:undefined:undefined:undefined:undefined":17,"s:256:22:256:Infinity":57,"s:256:41:256:Infinity":58,"s:258:20:258:Infinity":59,"b:260:18:275:Infinity:undefined:undefined:undefined:undefined":18,"s:260:18:275:Infinity":60,"b:260:22:260:47:260:47:260:72":19,"s:261:36:261:Infinity":61,"s:262:20:265:Infinity":62,"s:266:20:266:Infinity":63,"b:267:20:267:Infinity:undefined:undefined:undefined:undefined":20,"s:267:20:267:Infinity":64,"s:267:41:267:Infinity":65,"s:268:20:273:Infinity":66,"f:268:31:268:37":24,"s:269:35:271:Infinity":67,"b:272:22:272:Infinity:undefined:undefined:undefined:undefined":21,"s:272:22:272:Infinity":68,"s:272:41:272:Infinity":69,"s:274:20:274:Infinity":70,"b:294:20:294:Infinity:295:20:295:Infinity:296:20:296:Infinity:297:21:299:Infinity":22,"b:298:24:298:Infinity:299:24:299:Infinity":23,"b:297:21:297:36:297:36:297:58:297:58:297:Infinity":24,"f:348:27:348:33":25,"s:348:33:348:Infinity":71,"f:365:31:365:32":26,"s:366:20:366:Infinity":72,"s:367:20:367:Infinity":73,"f:369:30:369:31":27,"s:370:20:370:Infinity":74,"s:371:20:371:Infinity":75,"b:393:10:393:Infinity:394:10:394:Infinity:395:10:395:Infinity":25,"b:398:21:398:35:398:35:398:Infinity":26}}}
,"/Users/cambboyle/Documents/PARA System/01 - Projects/codecademyProjects/crate/src/components/Playlist/PlaylistList.jsx": {"path":"/Users/cambboyle/Documents/PARA System/01 - Projects/codecademyProjects/crate/src/components/Playlist/PlaylistList.jsx","statementMap":{"0":{"start":{"line":5,"column":18},"end":{"line":5,"column":null}},"1":{"start":{"line":8,"column":32},"end":{"line":8,"column":null}},"2":{"start":{"line":9,"column":24},"end":{"line":9,"column":null}},"3":{"start":{"line":10,"column":28},"end":{"line":10,"column":null}},"4":{"start":{"line":11,"column":34},"end":{"line":11,"column":null}},"5":{"start":{"line":12,"column":38},"end":{"line":12,"column":null}},"6":{"start":{"line":13,"column":8},"end":{"line":13,"column":null}},"7":{"start":{"line":16,"column":33},"end":{"line":33,"column":null}},"8":{"start":{"line":17,"column":4},"end":{"line":17,"column":null}},"9":{"start":{"line":18,"column":4},"end":{"line":18,"column":null}},"10":{"start":{"line":19,"column":4},"end":{"line":32,"column":null}},"11":{"start":{"line":20,"column":20},"end":{"line":20,"column":null}},"12":{"start":{"line":21,"column":28},"end":{"line":21,"column":null}},"13":{"start":{"line":22,"column":12},"end":{"line":24,"column":null}},"14":{"start":{"line":23,"column":15},"end":{"line":23,"column":null}},"15":{"start":{"line":25,"column":6},"end":{"line":25,"column":null}},"16":{"start":{"line":26,"column":6},"end":{"line":26,"column":null}},"17":{"start":{"line":28,"column":6},"end":{"line":28,"column":null}},"18":{"start":{"line":29,"column":6},"end":{"line":29,"column":null}},"19":{"start":{"line":31,"column":6},"end":{"line":31,"column":null}},"20":{"start":{"line":36,"column":2},"end":{"line":52,"column":null}},"21":{"start":{"line":37,"column":18},"end":{"line":37,"column":null}},"22":{"start":{"line":38,"column":19},"end":{"line":38,"column":null}},"23":{"start":{"line":39,"column":4},"end":{"line":46,"column":null}},"24":{"start":{"line":40,"column":6},"end":{"line":45,"column":null}},"25":{"start":{"line":41,"column":23},"end":{"line":41,"column":null}},"26":{"start":{"line":42,"column":8},"end":{"line":42,"column":null}},"27":{"start":{"line":42,"column":21},"end":{"line":42,"column":null}},"28":{"start":{"line":47,"column":4},"end":{"line":47,"column":null}},"29":{"start":{"line":48,"column":4},"end":{"line":50,"column":null}},"30":{"start":{"line":49,"column":6},"end":{"line":49,"column":null}},"31":{"start":{"line":55,"column":24},"end":{"line":58,"column":null}},"32":{"start":{"line":56,"column":4},"end":{"line":56,"column":null}},"33":{"start":{"line":57,"column":4},"end":{"line":57,"column":null}},"34":{"start":{"line":60,"column":2},"end":{"line":60,"column":null}},"35":{"start":{"line":60,"column":13},"end":{"line":60,"column":null}},"36":{"start":{"line":62,"column":2},"end":{"line":230,"column":null}},"37":{"start":{"line":104,"column":14},"end":{"line":118,"column":null}},"38":{"start":{"line":156,"column":30},"end":{"line":156,"column":null}},"39":{"start":{"line":157,"column":33},"end":{"line":157,"column":null}},"40":{"start":{"line":157,"column":58},"end":{"line":157,"column":77}},"41":{"start":{"line":158,"column":14},"end":{"line":199,"column":null}},"42":{"start":{"line":159,"column":16},"end":{"line":159,"column":null}},"43":{"start":{"line":160,"column":30},"end":{"line":160,"column":null}},"44":{"start":{"line":161,"column":16},"end":{"line":161,"column":null}},"45":{"start":{"line":161,"column":47},"end":{"line":161,"column":null}},"46":{"start":{"line":162,"column":16},"end":{"line":162,"column":null}},"47":{"start":{"line":164,"column":16},"end":{"line":168,"column":null}},"48":{"start":{"line":166,"column":20},"end":{"line":166,"column":null}},"49":{"start":{"line":167,"column":18},"end":{"line":167,"column":null}},"50":{"start":{"line":167,"column":27},"end":{"line":167,"column":null}},"51":{"start":{"line":169,"column":14},"end":{"line":199,"column":null}},"52":{"start":{"line":170,"column":16},"end":{"line":170,"column":null}},"53":{"start":{"line":171,"column":30},"end":{"line":171,"column":null}},"54":{"start":{"line":172,"column":16},"end":{"line":172,"column":null}},"55":{"start":{"line":172,"column":33},"end":{"line":172,"column":null}},"56":{"start":{"line":173,"column":16},"end":{"line":173,"column":null}},"57":{"start":{"line":174,"column":16},"end":{"line":178,"column":null}},"58":{"start":{"line":176,"column":20},"end":{"line":176,"column":null}},"59":{"start":{"line":177,"column":18},"end":{"line":177,"column":null}},"60":{"start":{"line":177,"column":27},"end":{"line":177,"column":null}},"61":{"start":{"line":179,"column":14},"end":{"line":199,"column":null}},"62":{"start":{"line":180,"column":16},"end":{"line":180,"column":null}},"63":{"start":{"line":181,"column":16},"end":{"line":181,"column":null}},"64":{"start":{"line":182,"column":16},"end":{"line":185,"column":null}},"65":{"start":{"line":183,"column":30},"end":{"line":183,"column":null}},"66":{"start":{"line":184,"column":18},"end":{"line":184,"column":null}},"67":{"start":{"line":184,"column":27},"end":{"line":184,"column":null}},"68":{"start":{"line":186,"column":14},"end":{"line":199,"column":null}},"69":{"start":{"line":187,"column":16},"end":{"line":187,"column":null}},"70":{"start":{"line":188,"column":16},"end":{"line":188,"column":null}},"71":{"start":{"line":189,"column":16},"end":{"line":195,"column":null}},"72":{"start":{"line":191,"column":20},"end":{"line":193,"column":null}},"73":{"start":{"line":194,"column":18},"end":{"line":194,"column":null}},"74":{"start":{"line":194,"column":27},"end":{"line":194,"column":null}},"75":{"start":{"line":196,"column":14},"end":{"line":199,"column":null}},"76":{"start":{"line":197,"column":16},"end":{"line":197,"column":null}},"77":{"start":{"line":198,"column":16},"end":{"line":198,"column":null}},"78":{"start":{"line":198,"column":44},"end":{"line":198,"column":null}},"79":{"start":{"line":203,"column":14},"end":{"line":215,"column":null}},"80":{"start":{"line":212,"column":18},"end":{"line":212,"column":null}},"81":{"start":{"line":213,"column":18},"end":{"line":213,"column":null}},"82":{"start":{"line":213,"column":32},"end":{"line":213,"column":null}},"83":{"start":{"line":223,"column":29},"end":{"line":223,"column":null}}},"fnMap":{"0":{"name":"PlaylistList","decl":{"start":{"line":7,"column":24},"end":{"line":7,"column":37}},"loc":{"start":{"line":7,"column":51},"end":{"line":232,"column":null}},"line":7},"1":{"name":"(anonymous_1)","decl":{"start":{"line":16,"column":33},"end":{"line":16,"column":45}},"loc":{"start":{"line":16,"column":45},"end":{"line":33,"column":null}},"line":16},"2":{"name":"(anonymous_2)","decl":{"start":{"line":23,"column":8},"end":{"line":23,"column":9}},"loc":{"start":{"line":23,"column":15},"end":{"line":23,"column":null}},"line":23},"3":{"name":"(anonymous_3)","decl":{"start":{"line":36,"column":12},"end":{"line":36,"column":18}},"loc":{"start":{"line":36,"column":18},"end":{"line":52,"column":5}},"line":36},"4":{"name":"(anonymous_4)","decl":{"start":{"line":48,"column":11},"end":{"line":48,"column":17}},"loc":{"start":{"line":48,"column":17},"end":{"line":50,"column":null}},"line":48},"5":{"name":"(anonymous_5)","decl":{"start":{"line":55,"column":24},"end":{"line":55,"column":30}},"loc":{"start":{"line":55,"column":30},"end":{"line":58,"column":null}},"line":55},"6":{"name":"(anonymous_6)","decl":{"start":{"line":103,"column":31},"end":{"line":103,"column":32}},"loc":{"start":{"line":104,"column":14},"end":{"line":118,"column":null}},"line":104},"7":{"name":"(anonymous_7)","decl":{"start":{"line":155,"column":23},"end":{"line":155,"column":24}},"loc":{"start":{"line":155,"column":30},"end":{"line":200,"column":null}},"line":155},"8":{"name":"(anonymous_8)","decl":{"start":{"line":157,"column":51},"end":{"line":157,"column":52}},"loc":{"start":{"line":157,"column":58},"end":{"line":157,"column":77}},"line":157},"9":{"name":"(anonymous_9)","decl":{"start":{"line":164,"column":27},"end":{"line":164,"column":33}},"loc":{"start":{"line":164,"column":33},"end":{"line":168,"column":19}},"line":164},"10":{"name":"(anonymous_10)","decl":{"start":{"line":174,"column":27},"end":{"line":174,"column":33}},"loc":{"start":{"line":174,"column":33},"end":{"line":178,"column":19}},"line":174},"11":{"name":"(anonymous_11)","decl":{"start":{"line":182,"column":27},"end":{"line":182,"column":33}},"loc":{"start":{"line":182,"column":33},"end":{"line":185,"column":19}},"line":182},"12":{"name":"(anonymous_12)","decl":{"start":{"line":189,"column":27},"end":{"line":189,"column":33}},"loc":{"start":{"line":189,"column":33},"end":{"line":195,"column":19}},"line":189},"13":{"name":"(anonymous_13)","decl":{"start":{"line":202,"column":50},"end":{"line":202,"column":51}},"loc":{"start":{"line":203,"column":14},"end":{"line":215,"column":null}},"line":203},"14":{"name":"(anonymous_14)","decl":{"start":{"line":211,"column":26},"end":{"line":211,"column":27}},"loc":{"start":{"line":211,"column":34},"end":{"line":214,"column":null}},"line":211},"15":{"name":"(anonymous_15)","decl":{"start":{"line":223,"column":23},"end":{"line":223,"column":29}},"loc":{"start":{"line":223,"column":29},"end":{"line":223,"column":null}},"line":223}},"branchMap":{"0":{"loc":{"start":{"line":22,"column":24},"end":{"line":22,"column":37}},"type":"binary-expr","locations":[{"start":{"line":22,"column":24},"end":{"line":22,"column":33}},{"start":{"line":22,"column":33},"end":{"line":22,"column":37}}],"line":22},"1":{"loc":{"start":{"line":23,"column":15},"end":{"line":23,"column":null}},"type":"binary-expr","locations":[{"start":{"line":23,"column":15},"end":{"line":23,"column":46}},{"start":{"line":23,"column":46},"end":{"line":23,"column":null}}],"line":23},"2":{"loc":{"start":{"line":39,"column":4},"end":{"line":46,"column":null}},"type":"if","locations":[{"start":{"line":39,"column":4},"end":{"line":46,"column":null}},{"start":{},"end":{}}],"line":39},"3":{"loc":{"start":{"line":42,"column":8},"end":{"line":42,"column":null}},"type":"if","locations":[{"start":{"line":42,"column":8},"end":{"line":42,"column":null}},{"start":{},"end":{}}],"line":42},"4":{"loc":{"start":{"line":60,"column":2},"end":{"line":60,"column":null}},"type":"if","locations":[{"start":{"line":60,"column":2},"end":{"line":60,"column":null}},{"start":{},"end":{}}],"line":60},"5":{"loc":{"start":{"line":72,"column":9},"end":{"line":72,"column":null}},"type":"cond-expr","locations":[{"start":{"line":72,"column":19},"end":{"line":72,"column":37}},{"start":{"line":72,"column":37},"end":{"line":72,"column":null}}],"line":72},"6":{"loc":{"start":{"line":74,"column":7},"end":{"line":228,"column":null}},"type":"cond-expr","locations":[{"start":{"line":75,"column":8},"end":{"line":135,"column":null}},{"start":{"line":136,"column":10},"end":{"line":228,"column":null}}],"line":74},"7":{"loc":{"start":{"line":136,"column":10},"end":{"line":228,"column":null}},"type":"cond-expr","locations":[{"start":{"line":137,"column":8},"end":{"line":142,"column":null}},{"start":{"line":144,"column":8},"end":{"line":228,"column":null}}],"line":136},"8":{"loc":{"start":{"line":158,"column":14},"end":{"line":199,"column":null}},"type":"if","locations":[{"start":{"line":158,"column":14},"end":{"line":199,"column":null}},{"start":{"line":169,"column":14},"end":{"line":199,"column":null}}],"line":158},"9":{"loc":{"start":{"line":161,"column":16},"end":{"line":161,"column":null}},"type":"if","locations":[{"start":{"line":161,"column":16},"end":{"line":161,"column":null}},{"start":{},"end":{}}],"line":161},"10":{"loc":{"start":{"line":167,"column":18},"end":{"line":167,"column":null}},"type":"if","locations":[{"start":{"line":167,"column":18},"end":{"line":167,"column":null}},{"start":{},"end":{}}],"line":167},"11":{"loc":{"start":{"line":169,"column":14},"end":{"line":199,"column":null}},"type":"if","locations":[{"start":{"line":169,"column":14},"end":{"line":199,"column":null}},{"start":{"line":179,"column":14},"end":{"line":199,"column":null}}],"line":169},"12":{"loc":{"start":{"line":172,"column":16},"end":{"line":172,"column":null}},"type":"if","locations":[{"start":{"line":172,"column":16},"end":{"line":172,"column":null}},{"start":{},"end":{}}],"line":172},"13":{"loc":{"start":{"line":177,"column":18},"end":{"line":177,"column":null}},"type":"if","locations":[{"start":{"line":177,"column":18},"end":{"line":177,"column":null}},{"start":{},"end":{}}],"line":177},"14":{"loc":{"start":{"line":179,"column":14},"end":{"line":199,"column":null}},"type":"if","locations":[{"start":{"line":179,"column":14},"end":{"line":199,"column":null}},{"start":{"line":186,"column":14},"end":{"line":199,"column":null}}],"line":179},"15":{"loc":{"start":{"line":184,"column":18},"end":{"line":184,"column":null}},"type":"if","locations":[{"start":{"line":184,"column":18},"end":{"line":184,"column":null}},{"start":{},"end":{}}],"line":184},"16":{"loc":{"start":{"line":186,"column":14},"end":{"line":199,"column":null}},"type":"if","locations":[{"start":{"line":186,"column":14},"end":{"line":199,"column":null}},{"start":{"line":196,"column":14},"end":{"line":199,"column":null}}],"line":186},"17":{"loc":{"start":{"line":194,"column":18},"end":{"line":194,"column":null}},"type":"if","locations":[{"start":{"line":194,"column":18},"end":{"line":194,"column":null}},{"start":{},"end":{}}],"line":194},"18":{"loc":{"start":{"line":196,"column":14},"end":{"line":199,"column":null}},"type":"if","locations":[{"start":{"line":196,"column":14},"end":{"line":199,"column":null}},{"start":{},"end":{}}],"line":196},"19":{"loc":{"start":{"line":196,"column":25},"end":{"line":196,"column":61}},"type":"binary-expr","locations":[{"start":{"line":196,"column":25},"end":{"line":196,"column":46}},{"start":{"line":196,"column":46},"end":{"line":196,"column":61}}],"line":196},"20":{"loc":{"start":{"line":198,"column":16},"end":{"line":198,"column":null}},"type":"if","locations":[{"start":{"line":198,"column":16},"end":{"line":198,"column":null}},{"start":{},"end":{}}],"line":198},"21":{"loc":{"start":{"line":198,"column":20},"end":{"line":198,"column":44}},"type":"binary-expr","locations":[{"start":{"line":198,"column":20},"end":{"line":198,"column":32}},{"start":{"line":198,"column":32},"end":{"line":198,"column":44}}],"line":198},"22":{"loc":{"start":{"line":210,"column":26},"end":{"line":210,"column":null}},"type":"cond-expr","locations":[{"start":{"line":210,"column":48},"end":{"line":210,"column":52}},{"start":{"line":210,"column":52},"end":{"line":210,"column":null}}],"line":210},"23":{"loc":{"start":{"line":213,"column":18},"end":{"line":213,"column":null}},"type":"if","locations":[{"start":{"line":213,"column":18},"end":{"line":213,"column":null}},{"start":{},"end":{}}],"line":213},"24":{"loc":{"start":{"line":218,"column":11},"end":{"line":226,"column":null}},"type":"binary-expr","locations":[{"start":{"line":218,"column":11},"end":{"line":218,"column":null}},{"start":{"line":219,"column":12},"end":{"line":226,"column":null}}],"line":218}},"s":{"0":1,"1":24,"2":24,"3":24,"4":24,"5":24,"6":24,"7":24,"8":5,"9":5,"10":5,"11":5,"12":5,"13":5,"14":0,"15":5,"16":5,"17":0,"18":0,"19":5,"20":24,"21":5,"22":5,"23":5,"24":4,"25":4,"26":4,"27":4,"28":5,"29":5,"30":5,"31":24,"32":0,"33":0,"34":24,"35":0,"36":24,"37":15,"38":0,"39":0,"40":0,"41":0,"42":0,"43":0,"44":0,"45":0,"46":0,"47":0,"48":0,"49":0,"50":0,"51":0,"52":0,"53":0,"54":0,"55":0,"56":0,"57":0,"58":0,"59":0,"60":0,"61":0,"62":0,"63":0,"64":0,"65":0,"66":0,"67":0,"68":0,"69":0,"70":0,"71":0,"72":0,"73":0,"74":0,"75":0,"76":0,"77":0,"78":0,"79":0,"80":0,"81":0,"82":0,"83":0},"f":{"0":24,"1":5,"2":0,"3":5,"4":5,"5":0,"6":15,"7":0,"8":0,"9":0,"10":0,"11":0,"12":0,"13":0,"14":0,"15":0},"b":{"0":[5,5],"1":[0,0],"2":[4,1],"3":[4,0],"4":[0,24],"5":[5,19],"6":[5,19],"7":[19,0],"8":[0,0],"9":[0,0],"10":[0,0],"11":[0,0],"12":[0,0],"13":[0,0],"14":[0,0],"15":[0,0],"16":[0,0],"17":[0,0],"18":[0,0],"19":[0,0],"20":[0,0],"21":[0,0],"22":[0,0],"23":[0,0],"24":[0,0]},"meta":{"lastBranch":25,"lastFunction":16,"lastStatement":84,"seen":{"s:5:18:5:Infinity":0,"f:7:24:7:37":0,"s:8:32:8:Infinity":1,"s:9:24:9:Infinity":2,"s:10:28:10:Infinity":3,"s:11:34:11:Infinity":4,"s:12:38:12:Infinity":5,"s:13:8:13:Infinity":6,"s:16:33:33:Infinity":7,"f:16:33:16:45":1,"s:17:4:17:Infinity":8,"s:18:4:18:Infinity":9,"s:19:4:32:Infinity":10,"s:20:20:20:Infinity":11,"s:21:28:21:Infinity":12,"s:22:12:24:Infinity":13,"b:22:24:22:33:22:33:22:37":0,"f:23:8:23:9":2,"s:23:15:23:Infinity":14,"b:23:15:23:46:23:46:23:Infinity":1,"s:25:6:25:Infinity":15,"s:26:6:26:Infinity":16,"s:28:6:28:Infinity":17,"s:29:6:29:Infinity":18,"s:31:6:31:Infinity":19,"s:36:2:52:Infinity":20,"f:36:12:36:18":3,"s:37:18:37:Infinity":21,"s:38:19:38:Infinity":22,"b:39:4:46:Infinity:undefined:undefined:undefined:undefined":2,"s:39:4:46:Infinity":23,"s:40:6:45:Infinity":24,"s:41:23:41:Infinity":25,"b:42:8:42:Infinity:undefined:undefined:undefined:undefined":3,"s:42:8:42:Infinity":26,"s:42:21:42:Infinity":27,"s:47:4:47:Infinity":28,"s:48:4:50:Infinity":29,"f:48:11:48:17":4,"s:49:6:49:Infinity":30,"s:55:24:58:Infinity":31,"f:55:24:55:30":5,"s:56:4:56:Infinity":32,"s:57:4:57:Infinity":33,"b:60:2:60:Infinity:undefined:undefined:undefined:undefined":4,"s:60:2:60:Infinity":34,"s:60:13:60:Infinity":35,"s:62:2:230:Infinity":36,"b:72:19:72:37:72:37:72:Infinity":5,"b:75:8:135:Infinity:136:10:228:Infinity":6,"f:103:31:103:32":6,"s:104:14:118:Infinity":37,"b:137:8:142:Infinity:144:8:228:Infinity":7,"f:155:23:155:24":7,"s:156:30:156:Infinity":38,"s:157:33:157:Infinity":39,"f:157:51:157:52":8,"s:157:58:157:77":40,"b:158:14:199:Infinity:169:14:199:Infinity":8,"s:158:14:199:Infinity":41,"s:159:16:159:Infinity":42,"s:160:30:160:Infinity":43,"b:161:16:161:Infinity:undefined:undefined:undefined:undefined":9,"s:161:16:161:Infinity":44,"s:161:47:161:Infinity":45,"s:162:16:162:Infinity":46,"s:164:16:168:Infinity":47,"f:164:27:164:33":9,"s:166:20:166:Infinity":48,"b:167:18:167:Infinity:undefined:undefined:undefined:undefined":10,"s:167:18:167:Infinity":49,"s:167:27:167:Infinity":50,"b:169:14:199:Infinity:179:14:199:Infinity":11,"s:169:14:199:Infinity":51,"s:170:16:170:Infinity":52,"s:171:30:171:Infinity":53,"b:172:16:172:Infinity:undefined:undefined:undefined:undefined":12,"s:172:16:172:Infinity":54,"s:172:33:172:Infinity":55,"s:173:16:173:Infinity":56,"s:174:16:178:Infinity":57,"f:174:27:174:33":10,"s:176:20:176:Infinity":58,"b:177:18:177:Infinity:undefined:undefined:undefined:undefined":13,"s:177:18:177:Infinity":59,"s:177:27:177:Infinity":60,"b:179:14:199:Infinity:186:14:199:Infinity":14,"s:179:14:199:Infinity":61,"s:180:16:180:Infinity":62,"s:181:16:181:Infinity":63,"s:182:16:185:Infinity":64,"f:182:27:182:33":11,"s:183:30:183:Infinity":65,"b:184:18:184:Infinity:undefined:undefined:undefined:undefined":15,"s:184:18:184:Infinity":66,"s:184:27:184:Infinity":67,"b:186:14:199:Infinity:196:14:199:Infinity":16,"s:186:14:199:Infinity":68,"s:187:16:187:Infinity":69,"s:188:16:188:Infinity":70,"s:189:16:195:Infinity":71,"f:189:27:189:33":12,"s:191:20:193:Infinity":72,"b:194:18:194:Infinity:undefined:undefined:undefined:undefined":17,"s:194:18:194:Infinity":73,"s:194:27:194:Infinity":74,"b:196:14:199:Infinity:undefined:undefined:undefined:undefined":18,"s:196:14:199:Infinity":75,"b:196:25:196:46:196:46:196:61":19,"s:197:16:197:Infinity":76,"b:198:16:198:Infinity:undefined:undefined:undefined:undefined":20,"s:198:16:198:Infinity":77,"b:198:20:198:32:198:32:198:44":21,"s:198:44:198:Infinity":78,"f:202:50:202:51":13,"s:203:14:215:Infinity":79,"b:210:48:210:52:210:52:210:Infinity":22,"f:211:26:211:27":14,"s:212:18:212:Infinity":80,"b:213:18:213:Infinity:undefined:undefined:undefined:undefined":23,"s:213:18:213:Infinity":81,"s:213:32:213:Infinity":82,"b:218:11:218:Infinity:219:12:226:Infinity":24,"f:223:23:223:29":15,"s:223:29:223:Infinity":83}}}
,"/Users/cambboyle/Documents/PARA System/01 - Projects/codecademyProjects/crate/src/components/Playlist/PlaylistListItem.jsx": {"path":"/Users/cambboyle/Documents/PARA System/01 - Projects/codecademyProjects/crate/src/components/Playlist/PlaylistListItem.jsx","statementMap":{"0":{"start":{"line":12,"column":2},"end":{"line":35,"column":null}},"1":{"start":{"line":21,"column":23},"end":{"line":21,"column":null}}},"fnMap":{"0":{"name":"PlaylistListItem","decl":{"start":{"line":3,"column":24},"end":{"line":3,"column":41}},"loc":{"start":{"line":11,"column":3},"end":{"line":37,"column":null}},"line":11},"1":{"name":"(anonymous_1)","decl":{"start":{"line":21,"column":17},"end":{"line":21,"column":23}},"loc":{"start":{"line":21,"column":23},"end":{"line":21,"column":null}},"line":21}},"branchMap":{"0":{"loc":{"start":{"line":7,"column":2},"end":{"line":7,"column":null}},"type":"default-arg","locations":[{"start":{"line":7,"column":15},"end":{"line":7,"column":null}}],"line":7},"1":{"loc":{"start":{"line":8,"column":2},"end":{"line":8,"column":null}},"type":"default-arg","locations":[{"start":{"line":8,"column":13},"end":{"line":8,"column":null}}],"line":8},"2":{"loc":{"start":{"line":9,"column":2},"end":{"line":9,"column":null}},"type":"default-arg","locations":[{"start":{"line":9,"column":17},"end":{"line":9,"column":null}}],"line":9},"3":{"loc":{"start":{"line":10,"column":2},"end":{"line":10,"column":null}},"type":"default-arg","locations":[{"start":{"line":10,"column":13},"end":{"line":10,"column":null}}],"line":10},"4":{"loc":{"start":{"line":14,"column":36},"end":{"line":14,"column":81}},"type":"cond-expr","locations":[{"start":{"line":14,"column":47},"end":{"line":14,"column":79}},{"start":{"line":14,"column":79},"end":{"line":14,"column":81}}],"line":14},"5":{"loc":{"start":{"line":20,"column":43},"end":{"line":20,"column":91}},"type":"cond-expr","locations":[{"start":{"line":20,"column":54},"end":{"line":20,"column":73}},{"start":{"line":20,"column":73},"end":{"line":20,"column":91}}],"line":20},"6":{"loc":{"start":{"line":21,"column":23},"end":{"line":21,"column":null}},"type":"binary-expr","locations":[{"start":{"line":21,"column":23},"end":{"line":21,"column":35}},{"start":{"line":21,"column":35},"end":{"line":21,"column":null}}],"line":21},"7":{"loc":{"start":{"line":23,"column":22},"end":{"line":23,"column":null}},"type":"cond-expr","locations":[{"start":{"line":23,"column":33},"end":{"line":23,"column":51}},{"start":{"line":23,"column":51},"end":{"line":23,"column":null}}],"line":23},"8":{"loc":{"start":{"line":24,"column":17},"end":{"line":24,"column":null}},"type":"cond-expr","locations":[{"start":{"line":24,"column":28},"end":{"line":24,"column":48}},{"start":{"line":24,"column":48},"end":{"line":24,"column":null}}],"line":24},"9":{"loc":{"start":{"line":25,"column":22},"end":{"line":25,"column":null}},"type":"cond-expr","locations":[{"start":{"line":25,"column":33},"end":{"line":25,"column":42}},{"start":{"line":25,"column":42},"end":{"line":25,"column":null}}],"line":25},"10":{"loc":{"start":{"line":26,"column":19},"end":{"line":26,"column":null}},"type":"cond-expr","locations":[{"start":{"line":26,"column":30},"end":{"line":26,"column":58}},{"start":{"line":26,"column":58},"end":{"line":26,"column":null}}],"line":26},"11":{"loc":{"start":{"line":28,"column":21},"end":{"line":28,"column":null}},"type":"cond-expr","locations":[{"start":{"line":28,"column":32},"end":{"line":28,"column":60}},{"start":{"line":28,"column":60},"end":{"line":28,"column":null}}],"line":28},"12":{"loc":{"start":{"line":33,"column":16},"end":{"line":33,"column":null}},"type":"cond-expr","locations":[{"start":{"line":33,"column":49},"end":{"line":33,"column":76}},{"start":{"line":33,"column":76},"end":{"line":33,"column":null}}],"line":33}},"s":{"0":8,"1":2},"f":{"0":8,"1":2},"b":{"0":[8],"1":[8],"2":[8],"3":[8],"4":[1,7],"5":[1,7],"6":[2,1],"7":[1,7],"8":[1,7],"9":[1,7],"10":
[...]
mn":76}},"type":"cond-expr","locations":[{"start":{"line":613,"column":56},"end":{"line":613,"column":69}},{"start":{"line":613,"column":72},"end":{"line":613,"column":76}}],"line":613},"101":{"loc":{"start":{"line":613,"column":27},"end":{"line":613,"column":53}},"type":"binary-expr","locations":[{"start":{"line":613,"column":27},"end":{"line":613,"column":36}},{"start":{"line":613,"column":40},"end":{"line":613,"column":53}}],"line":613},"102":{"loc":{"start":{"line":614,"column":27},"end":{"line":614,"column":76}},"type":"cond-expr","locations":[{"start":{"line":614,"column":56},"end":{"line":614,"column":69}},{"start":{"line":614,"column":72},"end":{"line":614,"column":76}}],"line":614},"103":{"loc":{"start":{"line":614,"column":27},"end":{"line":614,"column":53}},"type":"binary-expr","locations":[{"start":{"line":614,"column":27},"end":{"line":614,"column":36}},{"start":{"line":614,"column":40},"end":{"line":614,"column":53}}],"line":614},"104":{"loc":{"start":{"line":615,"column":26},"end":{"line":615,"column":75}},"type":"cond-expr","locations":[{"start":{"line":615,"column":55},"end":{"line":615,"column":68}},{"start":{"line":615,"column":71},"end":{"line":615,"column":75}}],"line":615},"105":{"loc":{"start":{"line":615,"column":26},"end":{"line":615,"column":52}},"type":"binary-expr","locations":[{"start":{"line":615,"column":26},"end":{"line":615,"column":35}},{"start":{"line":615,"column":39},"end":{"line":615,"column":52}}],"line":615},"106":{"loc":{"start":{"line":620,"column":14},"end":{"line":620,"column":76}},"type":"cond-expr","locations":[{"start":{"line":620,"column":50},"end":{"line":620,"column":71}},{"start":{"line":620,"column":74},"end":{"line":620,"column":76}}],"line":620},"107":{"loc":{"start":{"line":620,"column":14},"end":{"line":620,"column":47}},"type":"binary-expr","locations":[{"start":{"line":620,"column":14},"end":{"line":620,"column":27}},{"start":{"line":620,"column":31},"end":{"line":620,"column":47}}],"line":620},"108":{"loc":{"start":{"line":621,"column":19},"end":{"line":621,"column":54}},"type":"cond-expr","locations":[{"start":{"line":621,"column":33},"end":{"line":621,"column":49}},{"start":{"line":621,"column":52},"end":{"line":621,"column":54}}],"line":621},"109":{"loc":{"start":{"line":627,"column":14},"end":{"line":631,"column":18}},"type":"binary-expr","locations":[{"start":{"line":627,"column":14},"end":{"line":627,"column":22}},{"start":{"line":628,"column":14},"end":{"line":628,"column":22}},{"start":{"line":629,"column":14},"end":{"line":629,"column":21}},{"start":{"line":630,"column":15},"end":{"line":630,"column":24}},{"start":{"line":630,"column":28},"end":{"line":630,"column":41}},{"start":{"line":631,"column":14},"end":{"line":631,"column":18}}],"line":627},"110":{"loc":{"start":{"line":639,"column":13},"end":{"line":639,"column":55}},"type":"binary-expr","locations":[{"start":{"line":639,"column":13},"end":{"line":639,"column":27}},{"start":{"line":639,"column":31},"end":{"line":639,"column":55}}],"line":639},"111":{"loc":{"start":{"line":647,"column":4},"end":{"line":647,"column":null}},"type":"if","locations":[{"start":{"line":647,"column":4},"end":{"line":647,"column":null}},{"start":{},"end":{}}],"line":647},"112":{"loc":{"start":{"line":651,"column":4},"end":{"line":662,"column":null}},"type":"if","locations":[{"start":{"line":651,"column":4},"end":{"line":662,"column":null}},{"start":{},"end":{}}],"line":651},"113":{"loc":{"start":{"line":654,"column":6},"end":{"line":660,"column":null}},"type":"if","locations":[{"start":{"line":654,"column":6},"end":{"line":660,"column":null}},{"start":{},"end":{}}],"line":654}},"s":{"0":1,"1":1,"2":1,"3":1,"4":1,"5":1,"6":1,"7":0,"8":0,"9":0,"10":0,"11":0,"12":0,"13":0,"14":0,"15":0,"16":0,"17":0,"18":0,"19":0,"20":0,"21":0,"22":0,"23":0,"24":0,"25":0,"26":0,"27":0,"28":0,"29":0,"30":0,"31":0,"32":0,"33":0,"34":0,"35":0,"36":0,"37":0,"38":0,"39":0,"40":0,"41":0,"42":0,"43":0,"44":0,"45":0,"46":0,"47":0,"48":0,"49":0,"50":0,"51":0,"52":1,"53":0,"54":0,"55":0,"56":0,"57":0,"58":0,"59":0,"60":0,"61":0,"62":0,"63":0,"64":0,"65":0,"66":0,"67":0,"68":0,"69":0,"70":0,"71":0,"72":0,"73":0,"74":0,"75":0,"76":0,"77":0,"78":0,"79":0,"80":0,"81":0,"82":0,"83":0,"84":0,"85":0,"86":0,"87":0,"88":0,"89":0,"90":0,"91":0,"92":0,"93":0,"94":0,"95":0,"96":0,"97":2,"98":2,"99":0,"100":2,"101":2,"102":1,"103":1,"104":1,"105":0,"106":1,"107":1,"108":1,"109":1,"110":1,"111":1,"112":1,"113":4,"114":4,"115":4,"116":4,"117":4,"118":4,"119":0,"120":0,"121":0,"122":0,"123":0,"124":0,"125":0,"126":4,"127":0,"128":0,"129":0,"130":0,"131":0,"132":0,"133":0,"134":2,"135":0,"136":2,"137":2,"138":0,"139":2,"140":2,"141":2,"142":2,"143":1,"144":1,"145":1,"146":1,"147":1,"148":2,"149":2,"150":2,"151":2,"152":1,"153":1,"154":1,"155":0,"156":1,"157":1,"158":1,"159":1,"160":1,"161":0,"162":1,"163":0,"164":0,"165":0,"166":0,"167":0,"168":0,"169":0,"170":0,"171":0,"172":0,"173":0,"174":0,"175":0,"176":0,"177":0,"178":0,"179":0,"180":0,"181":0,"182":0,"183":1,"184":1,"185":0,"186":1,"187":1,"188":1,"189":0,"190":1,"191":1,"192":1,"193":1,"194":1,"195":1,"196":1,"197":1,"198":0,"199":1,"200":1,"201":1,"202":0,"203":1,"204":0,"205":0,"206":0,"207":0,"208":0,"209":0,"210":0,"211":1,"212":1,"213":0,"214":1,"215":1,"216":1,"217":1,"218":1,"219":0,"220":1,"221":1,"222":1,"223":1,"224":1,"225":1,"226":1,"227":1,"228":0,"229":1,"230":1,"231":0,"232":1,"233":1,"234":1,"235":1,"236":1,"237":1,"238":1,"239":1,"240":1,"241":1,"242":0,"243":1,"244":1,"245":1,"246":1,"247":2,"248":2,"249":2,"250":2,"251":2,"252":2,"253":1,"254":1,"255":1,"256":0,"257":0,"258":0,"259":0,"260":0,"261":0,"262":0,"263":0,"264":0,"265":0,"266":0,"267":0,"268":0,"269":0,"270":0,"271":0,"272":0,"273":0,"274":0,"275":0},"f":{"0":0,"1":0,"2":0,"3":0,"4":0,"5":0,"6":0,"7":0,"8":2,"9":1,"10":4,"11":0,"12":0,"13":2,"14":1,"15":1,"16":1,"17":0,"18":1,"19":1,"20":1,"21":2,"22":2,"23":0,"24":0},"b":{"0":[1,0],"1":[1,0],"2":[0,0],"3":[0,0],"4":[0,0],"5":[0,0],"6":[0,0],"7":[0,0],"8":[0,0],"9":[0,0],"10":[0,0,0],"11":[0,0],"12":[0,0],"13":[0,0,0],"14":[0,0],"15":[0,0],"16":[0,0],"17":[0,0],"18":[0,0],"19":[0,0],"20":[0,0],"21":[0,0],"22":[0,0],"23":[2],"24":[2],"25":[0,2],"26":[1,1],"27":[0,1],"28":[0,1],"29":[1,0],"30":[0,1],"31":[1,0],"32":[0,1],"33":[1,0],"34":[0,1],"35":[1,0],"36":[0,1],"37":[1,0],"38":[0,1],"39":[1,1,1,1,0,1],"40":[1,0],"41":[4],"42":[4],"43":[0,4],"44":[4,4,0],"45":[0,0],"46":[0,0],"47":[0,2],"48":[0,2],"49":[2,1],"50":[1,1],"51":[0,1],"52":[1,1],"53":[1,0],"54":[1,0],"55":[1,0],"56":[0,1],"57":[0,0],"58":[0,0],"59":[0,0],"60":[0,0],"61":[0,0],"62":[0,0],"63":[0,0],"64":[0,0],"65":[0,0],"66":[0,0],"67":[0,0],"68":[0,1],"69":[1,1],"70":[0,1],"71":[1,0],"72":[1,1],"73":[1,0],"74":[0,1],"75":[0,0],"76":[0,1],"77":[1,1],"78":[0,0],"79":[0,0],"80":[0,0],"81":[0,1],"82":[0,1],"83":[1,0],"84":[1,1],"85":[1,0],"86":[1,1],"87":[1,0],"88":[1,1],"89":[1,0],"90":[0,1],"91":[0,1],"92":[1,0],"93":[1,1],"94":[0,1],"95":[1,0],"96":[1,0],"97":[1,0],"98":[2,0],"99":[2,2],"100":[0,2],"101":[2,0],"102":[0,2],"103":[2,0],"104":[0,2],"105":[2,0],"106":[2,0],"107":[2,2],"108":[2,0],"109":[2,2,2,2,0,2],"110":[1,1],"111":[0,0],"112":[0,0],"113":[0,0]},"meta":{"lastBranch":114,"lastFunction":25,"lastStatement":276,"seen":{"s:1:61:1:Infinity":0,"b:1:61:1:Infinity:1:61:1:Infinity":0,"s:7:2:10:31":1,"b:7:2:7:43:8:3:10:30":1,"b:9:6:9:Infinity:10:6:10:30":2,"s:12:18:12:22":2,"s:13:19:13:23":3,"s:14:16:14:20":4,"s:15:13:15:17":5,"s:17:20:17:43":6,"f:19:9:19:24":0,"s:20:16:20:38":7,"s:21:15:21:17":8,"s:22:2:24:Infinity":9,"s:22:15:22:16":10,"s:23:4:23:Infinity":11,"s:25:2:28:Infinity":12,"f:31:15:31:21":1,"s:32:18:32:35":13,"s:33:15:33:36":14,"s:34:2:34:Infinity":15,"f:37:9:37:29":2,"s:38:16:38:34":16,"s:39:2:39:Infinity":17,"s:40:2:40:Infinity":18,"f:43:15:43:36":3,"s:44:17:44:39":19,"s:45:2:45:Infinity":20,"f:48:15:48:35":4,"s:49:17:49:38":21,"s:50:2:50:Infinity":22,"s:51:2:51:Infinity":23,"s:52:2:52:Infinity":24,"s:53:2:53:Infinity":25,"s:54:2:54:Infinity":26,"s:56:15:62:4":27,"b:64:2:67:Infinity:undefined:undefined:undefined:undefined":3,"s:64:2:67:Infinity":28,"s:65:17:65:34":29,"s:66:4:66:Infinity":30,"s:69:2:69:Infinity":31,"f:72:15:72:33":5,"b:73:2:73:Infinity:undefined:undefined:undefined:undefined":4,"s:73:2:73:Infinity":32,"s:73:21:73:Infinity":33,"s:74:17:74:38":34,"s:75:2:75:Infinity":35,"s:76:2:76:Infinity":36,"s:77:2:77:Infinity":37,"s:79:15:85:4":38,"b:87:2:90:Infinity:undefined:undefined:undefined:undefined":5,"s:87:2:90:Infinity":39,"s:88:4:88:Infinity":40,"s:89:4:89:Infinity":41,"s:92:15:92:32":42,"s:93:2:93:Infinity":43,"b:94:2:94:Infinity:undefined:undefined:undefined:undefined":6,"s:94:2:94:Infinity":44,"s:94:26:94:Infinity":45,"s:95:20:95:43":46,"b:95:20:95:35:95:39:95:43":7,"s:96:2:96:Infinity":47,"s:97:2:97:Infinity":48,"s:98:2:98:Infinity":49,"b:98:50:98:62:98:66:98:68":8,"s:99:2:99:Infinity":50,"s:101:2:101:Infinity":51,"s:104:16:676:1":52,"f:106:8:106:22":6,"b:108:4:109:Infinity:undefined:undefined:undefined:undefined":9,"s:108:4:109:Infinity":53,"b:108:8:108:19:108:23:108:32:108:36:108:65":10,"s:109:6:109:Infinity":54,"b:112:4:125:Infinity:undefined:undefined:undefined:undefined":11,"s:112:4:125:Infinity":55,"s:113:17:113:63":56,"s:114:17:114:64":57,"s:115:18:115:62":58,"b:116:6:121:Infinity:undefined:undefined:undefined:undefined":12,"s:116:6:121:Infinity":59,"b:116:10:116:12:116:16:116:19:116:23:116:47":13,"s:117:8:117:Infinity":60,"s:118:8:118:Infinity":61,"b:118:23:118:25:118:29:118:33":14,"s:119:8:119:Infinity":62,"s:120:8:120:Infinity":63,"b:122:6:124:Infinity:undefined:undefined:undefined:undefined":15,"s:122:6:124:Infinity":64,"s:123:8:123:Infinity":65,"b:128:4:131:Infinity:undefined:undefined:undefined:undefined":16,"s:128:4:131:Infinity":66,"s:129:23:129:49":67,"b:130:6:130:Infinity:undefined:undefined:undefined:undefined":17,"s:130:6:130:Infinity":68,"s:130:20:130:Infinity":69,"s:134:19:134:62":70,"s:135:17:135:35":71,"b:136:4:160:Infinity:undefined:undefined:undefined:undefined":18,"s:136:4:160:Infinity":72,"s:137:29:137:64":73,"s:138:6:159:Infinity":74,"s:139:30:139:78":75,"s:140:8:140:Infinity":76,"s:141:8:141:Infinity":77,"b:141:23:141:50:141:54:141:58":19,"s:142:8:142:Infinity":78,"b:142:34:142:58:142:62:142:66":20,"s:144:8:144:Infinity":79,"s:145:8:145:Infinity":80,"b:145:56:145:68:145:72:145:74":21,"s:146:8:146:Infinity":81,"s:148:8:152:Infinity":82,"s:153:8:153:Infinity":83,"s:155:8:155:Infinity":84,"s:156:8:156:Infinity":85,"s:158:8:158:Infinity":86,"s:163:4:163:Infinity":87,"f:166:8:166:17":7,"b:167:4:171:Infinity:undefined:undefined:undefined:undefined":22,"s:167:4:171:Infinity":88,"s:168:6:170:Infinity":89,"s:173:25:173:47":90,"s:174:4:174:Infinity":91,"s:175:26:175:67":92,"s:178:6:178:104":93,"s:179:25:179:65":94,"s:180:20:186:42":95,"s:188:4:188:Infinity":96,"f:192:8:192:14":8,"b:192:29:192:31":23,"b:192:42:192:43":24,"s:193:18:193:45":97,"b:194:4:197:Infinity:undefined:undefined:undefined:undefined":25,"s:194:4:197:Infinity":98,"s:195:6:197:Infinity":99,"s:199:21:208:5":100,"b:210:4:210:Infinity:undefined:undefined:undefined:undefined":26,"s:210:4:210:Infinity":101,"s:210:22:210:Infinity":102,"s:212:25:212:46":103,"b:213:4:213:Infinity:undefined:undefined:undefined:undefined":27,"s:213:4:213:Infinity":104,"s:213:30:213:Infinity":105,"s:215:18:238:6":106,"f:215:48:215:49":9,"s:217:8:217:67":107,"b:217:44:217:62:217:65:217:67":28,"b:217:8:217:19:217:23:217:41":29,"s:218:23:218:72":108,"b:218:52:218:65:218:68:218:72":30,"b:218:23:218:32:218:36:218:49":31,"s:219:23:219:72":109,"b:219:52:219:65:219:68:219:72":32,"b:219:23:219:32:219:36:219:49":33,"s:220:22:220:71":110,"b:220:51:220:64:220:67:220:71":34,"b:220:22:220:31:220:35:220:48":35,"s:221:6:237:Infinity":111,"b:224:52:224:73:224:76:224:78":36,"b:224:16:224:29:224:33:224:49":37,"b:225:29:225:45:225:48:225:50":38,"b:231:10:231:18:232:10:232:18:233:10:233:17:234:11:234:20:234:24:234:37:235:10:235:14":39,"s:239:4:239:Infinity":112,"b:239:27:239:52:239:56:239:68":40,"f:243:8:243:22":10,"b:243:50:243:51":41,"b:243:68:243:71":42,"s:244:18:244:19":113,"s:245:16:245:28":114,"s:246:4:267:Infinity":115,"s:247:6:266:Infinity":116,"s:248:25:248:50":117,"b:250:8:259:Infinity:undefined:undefined:undefined:undefined":43,"s:250:8:259:Infinity":118,"b:251:10:251:33:252:11:252:33:252:37:252:58":44,"b:254:10:254:Infinity:undefined:undefined:undefined:undefined":45,"s:254:10:254:Infinity":119,"s:254:38:254:Infinity":120,"s:255:10:255:Infinity":121,"f:255:28:255:29":11,"s:255:37:255:59":122,"s:256:10:256:Infinity":123,"s:257:10:257:21":124,"s:258:10:258:Infinity":125,"s:260:8:260:Infinity":126,"b:262:8:262:Infinity:undefined:undefined:undefined:undefined":46,"s:262:8:262:Infinity":127,"s:262:36:262:Infinity":128,"s:263:8:263:Infinity":129,"f:263:26:263:27":12,"s:263:35:263:57":130,"s:264:8:264:Infinity":131,"s:265:8:265:Infinity":132,"s:268:4:268:Infinity":133,"f:273:8:273:20":13,"b:274:4:274:Infinity:undefined:undefined:undefined:undefined":47,"s:274:4:274:Infinity":134,"s:274:15:274:Infinity":135,"s:276:18:276:45":136,"b:277:4:280:Infinity:undefined:undefined:undefined:undefined":48,"s:277:4:280:Infinity":137,"s:278:6:280:Infinity":138,"s:282:20:285:5":139,"s:286:27:286:57":140,"s:289:26:289:55":141,"s:292:23:297:5":142,"f:292:23:292:24":14,"s:293:21:293:23":143,"s:294:6:295:Infinity":144,"s:294:19:294:20":145,"s:295:8:295:Infinity":146,"s:296:6:296:Infinity":147,"s:300:20:300:40":148,"b:300:20:300:32:300:36:300:40":49,"s:303:25:303:27":149,"s:304:21:304:22":150,"b:306:4:460:Infinity:undefined:undefined:undefined:undefined":50,"s:306:4:460:Infinity":151,"s:307:25:307:32":152,"s:310:28:319:7":153,"b:320:6:321:Infinity:undefined:undefined:undefined:undefined":51,"s:320:6:321:Infinity":154,"b:320:10:320:23:320:27:320:44":52,"s:321:8:321:Infinity":155,"b:324:6:452:Infinity:undefined:undefined:undefined:undefined":53,"s:324:6:452:Infinity":156,"b:326:8:451:Infinity:354:15:451:Infinity":54,"s:326:8:451:Infinity":157,"s:327:28:336:11":158,"s:337:10:342:Infinity":159,"b:341:34:341:38:341:41:341:74":55,"b:343:10:352:Infinity:undefined:undefined:undefined:undefined":56,"s:343:10:352:Infinity":160,"s:344:12:351:Infinity":161,"b:350:36:350:40:350:43:350:76":57,"s:353:10:353:Infinity":162,"b:354:15:451:Infinity:385:15:451:Infinity":58,"s:354:15:451:Infinity":163,"s:356:30:365:11":164,"s:366:10:371:Infinity":165,"b:370:36:370:40:370:43:370:78":59,"b:372:10:383:Infinity:undefined:undefined:undefined:undefined":60,"s:372:10:383:Infinity":166,"s:373:12:382:Infinity":167,"b:380:18:380:Infinity:381:18:381:53":61,"s:384:10:384:Infinity":168,"s:387:24:387:47":169,"s:388:30:397:11":170,"s:398:10:405:Infinity":171,"b:403:16:403:Infinity:404:16:404:67":62,"b:406:10:417:Infinity:undefined:undefined:undefined:undefined":63,"s:406:10:417:Infinity":172,"s:407:12:416:Infinity":173,"b:414:18:414:Infinity:415:18:415:69":64,"s:418:10:418:Infinity":174,"s:420:28:420:48":175,"s:421:25:421:51":176,"s:422:10:450:Infinity":177,"s:423:28:432:13":178,"s:433:12:438:Infinity":179,"b:437:34:437:38:437:41:437:75":65,"b:439:12:448:Infinity:undefined:undefined:undefined:undefined":66,"s:439:12:448:Infinity":180,"s:440:14:447:Infinity":181,"b:446:36:446:40:446:43:446:77":67,"s:449:12:449:Infinity":182,"b:455:6:457:Infinity:undefined:undefined:undefined:undefined":68,"s:455:6:457:Infinity":183,"b:455:10:455:33:455:37:455:74":69,"f:455:56:455:57":15,"s:455:63:455:73":184,"s:456:8:456:Infinity":185,"s:459:6:459:Infinity":186,"s:463:27:472:5":187,"b:473:4:473:Infinity:undefined:undefined:undefined:undefined":70,"s:473:4:473:Infinity":188,"s:473:28:473:Infinity":189,"s:474:23:474:50":190,"s:475:23:475:36":191,"b:478:4:512:Infinity:undefined:undefined:undefined:undefined":71,"s:478:4:512:Infinity":192,"b:478:8:478:32:478:36:478:56":72,"s:479:21:479:47":193,"s:480:6:508:Infinity":194,"s:481:28:490:9":195,"s:491:8:496:Infinity":196,"b:495:34:495:38:495:41:495:75":73,"b:497:8:506:Infinity:undefined:undefined:undefined:undefined":74,"s:497:8:506:Infinity":197,"s:498:10:505:Infinity":198,"b:504:36:504:40:504:43:504:77":75,"s:507:8:507:Infinity":199,"b:509:6:511:Infinity:undefined:undefined:undefined:undefined":76,"s:509:6:511:Infinity":200,"b:509:10:509:33:509:37:509:74":77,"f:509:56:509:57":16,"s:509:63:509:73":201,"s:510:8:510:Infinity":202,"s:514:4:514:Infinity":203,"f:518:8:518:24":17,"b:519:4:519:Infinity:undefined:undefined:undefined:undefined":78,"s:519:4:519:Infinity":204,"s:519:16:519:Infinity":205,"s:520:20:520:47":206,"b:521:4:522:Infinity:undefined:undefined:undefined:undefined":79,"s:521:4:522:Infinity":207,"b:521:8:521:16:521:20:521:31":80,"s:522:6:522:Infinity":208,"s:523:4:523:Infinity":209,"s:524:4:524:Infinity":210,"f:528:8:528:24":18,"s:529:18:529:45":211,"b:530:4:533:Infinity:undefined:undefined:undefined:undefined":81,"s:530:4:533:Infinity":212,"s:531:6:533:Infinity":213,"s:535:14:535:64":214,"s:536:19:536:21":215,"s:537:4:562:Infinity":216,"s:538:19:540:8":217,"b:541:6:541:Infinity:undefined:undefined:undefined:undefined":82,"s:541:6:541:Infinity":218,"s:541:20:541:Infinity":219,"s:542:19:542:36":220,"b:543:6:560:Infinity:undefined:undefined:undefined:undefined":83,"s:543:6:560:Infinity":221,"b:543:10:543:20:543:24:543:49":84,"s:544:8:559:Infinity":222,"f:548:25:548:26":19,"s:548:33:558:11":223,"b:553:18:553:Infinity:554:18:554:19":85,"b:552:14:552:22:552:26:552:Infinity":86,"b:555:45:555:55:555:58:555:62":87,"b:555:21:555:28:555:32:555:42":88,"b:557:52:557:60:557:63:557:67":89,"s:561:6:561:Infinity":224,"s:563:4:563:Infinity":225,"f:568:8:568:19":20,"s:569:18:569:45":226,"b:570:4:573:Infinity:undefined:undefined:undefined:undefined":90,"s:570:4:573:Infinity":227,"s:571:6:573:Infinity":228,"s:576:21:581:5":229,"b:582:4:582:Infinity:undefined:undefined:undefined:undefined":91,"s:582:4:582:Infinity":230,"s:582:22:582:Infinity":231,"s:583:21:583:42":232,"s:584:25:584:71":233,"b:584:53:584:66:584:69:584:71":92,"b:584:25:584:33:584:37:584:50":93,"s:587:18:587:21":234,"s:588:17:588:18":235,"s:589:20:589:22":236,"s:590:16:590:20":237,"s:592:4:639:Infinity":238,"s:593:22:595:48":239,"s:596:19:598:8":240,"b:599:6:599:Infinity:undefined:undefined:undefined:undefined":94,"s:599:6:599:Infinity":241,"s:599:20:599:Infinity":242,"s:600:19:600:36":243,"b:602:6:605:Infinity:undefined:undefined:undefined:undefined":95,"s:602:6:605:Infinity":244,"s:604:8:604:Infinity":245,"b:604:49:604:59:604:62:604:66":96,"s:607:21:634:10":246,"b:607:22:607:32:607:36:607:38":97,"f:608:13:608:14":21,"s:608:23:608:33":247,"f:610:13:610:14":22,"s:612:12:612:71":248,"b:612:48:612:66:612:69:612:71":98,"b:612:12:612:23:612:27:612:45":99,"s:613:27:613:76":249,"b:613:56:613:69:613:72:613:76":100,"b:613:27:613:36:613:40:613:53":101,"s:614:27:614:76":250,"b:614:56:614:69:614:72:614:76":102,"b:614:27:614:36:614:40:614:53":103,"s:615:26:615:75":251,"b:615:55:615:68:615:71:615:75":104,"b:615:26:615:35:615:39:615:52":105,"s:616:10:633:Infinity":252,"b:620:50:620:71:620:74:620:76":106,"b:620:14:620:27:620:31:620:47":107,"b:621:33:621:49:621:52:621:54":108,"b:627:14:627:22:628:14:628:22:629:14:629:21:630:15:630:24:630:28:630:41:631:14:631:18":109,"s:636:6:636:Infinity":253,"s:637:6:637:Infinity":254,"b:639:13:639:27:639:31:639:55":110,"s:641:4:641:Infinity":255,"f:645:8:645:22":23,"s:646:18:646:45":256,"b:647:4:647:Infinity:undefined:undefined:undefined:undefined":111,"s:647:4:647:Infinity":257,"s:647:16:647:Infinity":258,"s:648:17:650:6":259,"b:651:4:662:Infinity:undefined:undefined:undefined:undefined":112,"s:651:4:662:Infinity":260,"b:654:6:660:Infinity:undefined:undefined:undefined:undefined":113,"s:654:6:660:Infinity":261,"s:655:21:655:38":262,"s:656:20:656:71":263,"s:657:8:657:Infinity":264,"s:658:8:658:Infinity":265,"s:659:8:659:Infinity":266,"s:661:6:661:Infinity":267,"s:663:4:663:Infinity":268,"f:667:2:667:8":24,"s:668:4:668:Infinity":269,"s:669:4:669:Infinity":270,"s:670:4:670:Infinity":271,"s:671:4:671:Infinity":272,"s:672:4:672:Infinity":273,"s:673:4:673:Infinity":274,"s:674:4:674:Infinity":275}}}
}
